TN:
SF:controller\appointmentController.js
FN:9,(anonymous_0)
FN:71,(anonymous_1)
FN:129,(anonymous_2)
FN:141,(anonymous_3)
FN:162,(anonymous_4)
FN:179,(anonymous_5)
FN:196,(anonymous_6)
FN:201,(anonymous_7)
FN:226,(anonymous_8)
FN:241,(anonymous_9)
FNF:10
FNH:0
FNDA:0,(anonymous_0)
FNDA:0,(anonymous_1)
FNDA:0,(anonymous_2)
FNDA:0,(anonymous_3)
FNDA:0,(anonymous_4)
FNDA:0,(anonymous_5)
FNDA:0,(anonymous_6)
FNDA:0,(anonymous_7)
FNDA:0,(anonymous_8)
FNDA:0,(anonymous_9)
DA:9,1
DA:24,0
DA:26,0
DA:27,0
DA:30,0
DA:36,0
DA:37,0
DA:39,0
DA:40,0
DA:43,0
DA:44,0
DA:45,0
DA:65,0
DA:71,1
DA:73,0
DA:74,0
DA:75,0
DA:76,0
DA:79,0
DA:80,0
DA:82,0
DA:83,0
DA:84,0
DA:85,0
DA:87,0
DA:90,0
DA:91,0
DA:92,0
DA:94,0
DA:98,0
DA:99,0
DA:100,0
DA:101,0
DA:103,0
DA:104,0
DA:105,0
DA:106,0
DA:110,0
DA:111,0
DA:114,0
DA:116,0
DA:120,0
DA:122,0
DA:129,1
DA:130,0
DA:133,0
DA:141,1
DA:142,0
DA:143,0
DA:146,0
DA:147,0
DA:148,0
DA:149,0
DA:152,0
DA:156,0
DA:162,1
DA:163,0
DA:165,0
DA:169,0
DA:170,0
DA:173,0
DA:179,1
DA:180,0
DA:181,0
DA:182,0
DA:183,0
DA:185,0
DA:190,0
DA:196,1
DA:198,0
DA:201,0
DA:202,0
DA:204,0
DA:213,0
DA:216,0
DA:222,0
DA:226,0
DA:228,0
DA:229,0
DA:232,0
DA:241,1
DA:242,0
DA:243,0
DA:244,0
DA:245,0
DA:247,0
DA:248,0
LF:87
LH:8
BRDA:26,0,0,0
BRDA:26,0,1,0
BRDA:26,1,0,0
BRDA:26,1,1,0
BRDA:26,1,2,0
BRDA:26,1,3,0
BRDA:26,1,4,0
BRDA:26,1,5,0
BRDA:26,1,6,0
BRDA:26,1,7,0
BRDA:26,1,8,0
BRDA:26,1,9,0
BRDA:26,1,10,0
BRDA:26,1,11,0
BRDA:36,2,0,0
BRDA:36,2,1,0
BRDA:39,3,0,0
BRDA:39,3,1,0
BRDA:82,4,0,0
BRDA:82,4,1,0
BRDA:84,5,0,0
BRDA:84,5,1,0
BRDA:90,6,0,0
BRDA:90,6,1,0
BRDA:91,7,0,0
BRDA:91,7,1,0
BRDA:98,8,0,0
BRDA:98,8,1,0
BRDA:98,9,0,0
BRDA:98,9,1,0
BRDA:100,10,0,0
BRDA:100,10,1,0
BRDA:103,11,0,0
BRDA:103,11,1,0
BRDA:110,12,0,0
BRDA:110,12,1,0
BRDA:146,13,0,0
BRDA:146,13,1,0
BRDA:148,14,0,0
BRDA:148,14,1,0
BRDA:169,15,0,0
BRDA:169,15,1,0
BRDA:182,16,0,0
BRDA:182,16,1,0
BRDA:244,17,0,0
BRDA:244,17,1,0
BRF:46
BRH:0
end_of_record
TN:
SF:controller\billingController.js
FN:13,(anonymous_0)
FN:183,(anonymous_1)
FN:226,(anonymous_2)
FN:247,(anonymous_3)
FN:310,(anonymous_4)
FN:342,(anonymous_5)
FN:385,(anonymous_6)
FN:458,(anonymous_7)
FN:497,(anonymous_8)
FN:508,(anonymous_9)
FN:522,(anonymous_10)
FN:545,(anonymous_11)
FNF:12
FNH:0
FNDA:0,(anonymous_0)
FNDA:0,(anonymous_1)
FNDA:0,(anonymous_2)
FNDA:0,(anonymous_3)
FNDA:0,(anonymous_4)
FNDA:0,(anonymous_5)
FNDA:0,(anonymous_6)
FNDA:0,(anonymous_7)
FNDA:0,(anonymous_8)
FNDA:0,(anonymous_9)
FNDA:0,(anonymous_10)
FNDA:0,(anonymous_11)
DA:11,1
DA:23,0
DA:25,0
DA:28,0
DA:34,0
DA:35,0
DA:38,0
DA:40,0
DA:45,0
DA:47,0
DA:56,0
DA:60,0
DA:61,0
DA:62,0
DA:63,0
DA:64,0
DA:73,0
DA:74,0
DA:80,0
DA:81,0
DA:82,0
DA:83,0
DA:85,0
DA:91,0
DA:93,0
DA:102,0
DA:103,0
DA:109,0
DA:110,0
DA:119,0
DA:123,0
DA:124,0
DA:133,0
DA:137,0
DA:138,0
DA:140,0
DA:141,0
DA:142,0
DA:144,0
DA:154,0
DA:158,0
DA:170,0
DA:175,0
DA:191,0
DA:193,0
DA:195,0
DA:196,0
DA:198,0
DA:199,0
DA:200,0
DA:201,0
DA:204,0
DA:206,0
DA:213,0
DA:215,0
DA:227,0
DA:229,0
DA:236,0
DA:237,0
DA:240,0
DA:248,0
DA:255,0
DA:257,0
DA:259,0
DA:260,0
DA:261,0
DA:264,0
DA:265,0
DA:268,0
DA:269,0
DA:273,0
DA:283,0
DA:284,0
DA:287,0
DA:288,0
DA:289,0
DA:291,0
DA:294,0
DA:296,0
DA:311,0
DA:312,0
DA:314,0
DA:315,0
DA:316,0
DA:319,0
DA:320,0
DA:323,0
DA:324,0
DA:328,0
DA:329,0
DA:330,0
DA:332,0
DA:334,0
DA:343,0
DA:344,0
DA:346,0
DA:347,0
DA:348,0
DA:351,0
DA:353,0
DA:355,0
DA:363,0
DA:364,0
DA:367,0
DA:368,0
DA:371,0
DA:372,0
DA:375,0
DA:377,0
DA:386,0
DA:388,0
DA:389,0
DA:390,0
DA:391,0
DA:392,0
DA:395,0
DA:396,0
DA:421,0
DA:434,0
DA:442,0
DA:443,0
DA:448,0
DA:459,0
DA:462,0
DA:463,0
DA:466,0
DA:471,0
DA:484,0
DA:495,1
DA:498,0
DA:500,0
DA:509,0
DA:511,0
DA:514,0
DA:523,0
DA:524,0
DA:527,0
DA:528,0
DA:534,0
DA:535,0
DA:537,0
DA:546,0
DA:548,0
DA:553,0
LF:144
LH:2
BRDA:19,0,0,0
BRDA:20,1,0,0
BRDA:21,2,0,0
BRDA:22,3,0,0
BRDA:38,4,0,0
BRDA:38,4,1,0
BRDA:45,5,0,0
BRDA:45,5,1,0
BRDA:49,6,0,0
BRDA:49,6,1,0
BRDA:50,7,0,0
BRDA:50,7,1,0
BRDA:62,8,0,0
BRDA:62,8,1,0
BRDA:82,9,0,0
BRDA:82,9,1,0
BRDA:91,10,0,0
BRDA:91,10,1,0
BRDA:96,11,0,0
BRDA:96,11,1,0
BRDA:97,12,0,0
BRDA:97,12,1,0
BRDA:99,13,0,0
BRDA:99,13,1,0
BRDA:100,14,0,0
BRDA:100,14,1,0
BRDA:114,15,0,0
BRDA:114,15,1,0
BRDA:128,16,0,0
BRDA:128,16,1,0
BRDA:140,17,0,0
BRDA:140,17,1,0
BRDA:141,18,0,0
BRDA:141,18,1,0
BRDA:189,19,0,0
BRDA:190,20,0,0
BRDA:195,21,0,0
BRDA:195,21,1,0
BRDA:196,22,0,0
BRDA:196,22,1,0
BRDA:198,23,0,0
BRDA:198,23,1,0
BRDA:198,24,0,0
BRDA:198,24,1,0
BRDA:200,25,0,0
BRDA:200,25,1,0
BRDA:201,26,0,0
BRDA:201,26,1,0
BRDA:236,27,0,0
BRDA:236,27,1,0
BRDA:260,28,0,0
BRDA:260,28,1,0
BRDA:264,29,0,0
BRDA:264,29,1,0
BRDA:268,30,0,0
BRDA:268,30,1,0
BRDA:287,31,0,0
BRDA:287,31,1,0
BRDA:315,32,0,0
BRDA:315,32,1,0
BRDA:319,33,0,0
BRDA:319,33,1,0
BRDA:323,34,0,0
BRDA:323,34,1,0
BRDA:347,35,0,0
BRDA:347,35,1,0
BRDA:353,36,0,0
BRDA:353,36,1,0
BRDA:353,37,0,0
BRDA:353,37,1,0
BRDA:371,38,0,0
BRDA:371,38,1,0
BRDA:371,39,0,0
BRDA:371,39,1,0
BRDA:386,40,0,0
BRDA:389,41,0,0
BRDA:389,41,1,0
BRDA:389,42,0,0
BRDA:389,42,1,0
BRDA:391,43,0,0
BRDA:391,43,1,0
BRDA:392,44,0,0
BRDA:392,44,1,0
BRDA:395,45,0,0
BRDA:395,45,1,0
BRDA:438,46,0,0
BRDA:438,46,1,0
BRDA:442,47,0,0
BRDA:442,47,1,0
BRDA:462,48,0,0
BRDA:462,48,1,0
BRDA:462,49,0,0
BRDA:462,49,1,0
BRDA:487,50,0,0
BRDA:487,50,1,0
BRDA:509,51,0,0
BRDA:527,52,0,0
BRDA:527,52,1,0
BRF:98
BRH:0
end_of_record
TN:
SF:controller\cpoeController.js
FN:9,(anonymous_0)
FN:24,(anonymous_1)
FN:66,(anonymous_2)
FN:99,(anonymous_3)
FN:112,(anonymous_4)
FN:165,(anonymous_5)
FN:195,(anonymous_6)
FN:218,(anonymous_7)
FN:237,(anonymous_8)
FN:257,(anonymous_9)
FN:276,(anonymous_10)
FN:292,(anonymous_11)
FNF:12
FNH:0
FNDA:0,(anonymous_0)
FNDA:0,(anonymous_1)
FNDA:0,(anonymous_2)
FNDA:0,(anonymous_3)
FNDA:0,(anonymous_4)
FNDA:0,(anonymous_5)
FNDA:0,(anonymous_6)
FNDA:0,(anonymous_7)
FNDA:0,(anonymous_8)
FNDA:0,(anonymous_9)
FNDA:0,(anonymous_10)
FNDA:0,(anonymous_11)
DA:7,0
DA:19,0
DA:21,0
DA:24,0
DA:25,0
DA:28,0
DA:48,0
DA:53,0
DA:58,0
DA:67,0
DA:68,0
DA:70,0
DA:72,0
DA:73,0
DA:76,0
DA:77,0
DA:80,0
DA:81,0
DA:82,0
DA:83,0
DA:86,0
DA:91,0
DA:100,0
DA:102,0
DA:104,0
DA:113,0
DA:115,0
DA:121,0
DA:122,0
DA:125,0
DA:155,0
DA:157,0
DA:166,0
DA:167,0
DA:169,0
DA:170,0
DA:171,0
DA:174,0
DA:177,0
DA:178,0
DA:179,0
DA:180,0
DA:181,0
DA:184,0
DA:187,0
DA:196,0
DA:197,0
DA:199,0
DA:200,0
DA:201,0
DA:204,0
DA:210,0
DA:219,0
DA:220,0
DA:222,0
DA:223,0
DA:224,0
DA:227,0
DA:229,0
DA:238,0
DA:240,0
DA:246,0
DA:247,0
DA:250,0
DA:258,0
DA:259,0
DA:261,0
DA:262,0
DA:263,0
DA:267,0
DA:269,0
DA:272,0
DA:273,0
DA:276,0
DA:277,0
DA:278,0
DA:282,0
DA:284,0
DA:293,0
DA:295,0
DA:297,0
DA:298,0
DA:299,0
DA:300,0
DA:303,0
DA:304,0
DA:307,0
DA:322,0
DA:335,0
LF:89
LH:0
BRDA:25,0,0,0
BRDA:25,0,1,0
BRDA:72,1,0,0
BRDA:72,1,1,0
BRDA:76,2,0,0
BRDA:76,2,1,0
BRDA:80,3,0,0
BRDA:80,3,1,0
BRDA:80,4,0,0
BRDA:80,4,1,0
BRDA:82,5,0,0
BRDA:82,5,1,0
BRDA:83,6,0,0
BRDA:83,6,1,0
BRDA:121,7,0,0
BRDA:121,7,1,0
BRDA:170,8,0,0
BRDA:170,8,1,0
BRDA:177,9,0,0
BRDA:177,9,1,0
BRDA:179,10,0,0
BRDA:179,10,1,0
BRDA:180,11,0,0
BRDA:180,11,1,0
BRDA:181,12,0,0
BRDA:181,12,1,0
BRDA:200,13,0,0
BRDA:200,13,1,0
BRDA:223,14,0,0
BRDA:223,14,1,0
BRDA:246,15,0,0
BRDA:246,15,1,0
BRDA:262,16,0,0
BRDA:262,16,1,0
BRDA:267,17,0,0
BRDA:267,17,1,0
BRDA:267,18,0,0
BRDA:267,18,1,0
BRDA:273,19,0,0
BRDA:273,19,1,0
BRDA:273,20,0,0
BRDA:273,20,1,0
BRDA:277,21,0,0
BRDA:277,21,1,0
BRDA:297,22,0,0
BRDA:297,22,1,0
BRDA:297,23,0,0
BRDA:297,23,1,0
BRDA:299,24,0,0
BRDA:299,24,1,0
BRDA:300,25,0,0
BRDA:300,25,1,0
BRDA:303,26,0,0
BRDA:303,26,1,0
BRDA:338,27,0,0
BRDA:338,27,1,0
BRF:56
BRH:0
end_of_record
TN:
SF:controller\diagnosisController.js
FN:9,(anonymous_0)
FN:71,(anonymous_1)
FN:93,(anonymous_2)
FN:161,(anonymous_3)
FN:195,(anonymous_4)
FN:224,(anonymous_5)
FN:309,(anonymous_6)
FNF:7
FNH:0
FNDA:0,(anonymous_0)
FNDA:0,(anonymous_1)
FNDA:0,(anonymous_2)
FNDA:0,(anonymous_3)
FNDA:0,(anonymous_4)
FNDA:0,(anonymous_5)
FNDA:0,(anonymous_6)
DA:7,1
DA:10,0
DA:20,0
DA:23,0
DA:24,0
DA:25,0
DA:29,0
DA:30,0
DA:31,0
DA:32,0
DA:36,0
DA:52,0
DA:55,0
DA:58,0
DA:63,0
DA:72,0
DA:73,0
DA:75,0
DA:76,0
DA:77,0
DA:79,0
DA:85,0
DA:94,0
DA:100,0
DA:102,0
DA:103,0
DA:105,0
DA:107,0
DA:119,0
DA:120,0
DA:125,0
DA:147,0
DA:148,0
DA:150,0
DA:162,0
DA:163,0
DA:165,0
DA:166,0
DA:167,0
DA:171,0
DA:173,0
DA:177,0
DA:178,0
DA:179,0
DA:181,0
DA:182,0
DA:187,0
DA:196,0
DA:198,0
DA:199,0
DA:200,0
DA:204,0
DA:206,0
DA:210,0
DA:211,0
DA:212,0
DA:213,0
DA:215,0
DA:217,0
DA:225,0
DA:227,0
DA:229,0
DA:230,0
DA:231,0
DA:232,0
DA:235,0
DA:237,0
DA:250,0
DA:251,0
DA:255,0
DA:274,0
DA:298,0
DA:321,0
DA:323,0
DA:325,0
DA:326,0
DA:333,0
DA:334,0
DA:335,0
DA:337,0
DA:338,0
DA:339,0
DA:340,0
DA:343,0
DA:345,0
DA:367,0
DA:368,0
DA:378,0
DA:379,0
DA:389,0
DA:395,0
DA:396,0
DA:398,0
LF:93
LH:1
BRDA:14,0,0,0
BRDA:15,1,0,0
BRDA:16,2,0,0
BRDA:17,3,0,0
BRDA:24,4,0,0
BRDA:24,4,1,0
BRDA:31,5,0,0
BRDA:31,5,1,0
BRDA:47,6,0,0
BRDA:47,6,1,0
BRDA:76,7,0,0
BRDA:76,7,1,0
BRDA:77,8,0,0
BRDA:77,8,1,0
BRDA:96,9,0,0
BRDA:97,10,0,0
BRDA:98,11,0,0
BRDA:103,12,0,0
BRDA:103,12,1,0
BRDA:119,13,0,0
BRDA:119,13,1,0
BRDA:166,14,0,0
BRDA:166,14,1,0
BRDA:171,15,0,0
BRDA:171,15,1,0
BRDA:171,16,0,0
BRDA:171,16,1,0
BRDA:199,17,0,0
BRDA:199,17,1,0
BRDA:204,18,0,0
BRDA:204,18,1,0
BRDA:204,19,0,0
BRDA:204,19,1,0
BRDA:229,20,0,0
BRDA:229,20,1,0
BRDA:229,21,0,0
BRDA:229,21,1,0
BRDA:231,22,0,0
BRDA:231,22,1,0
BRDA:232,23,0,0
BRDA:232,23,1,0
BRDA:235,24,0,0
BRDA:235,24,1,0
BRDA:250,25,0,0
BRDA:250,25,1,0
BRDA:319,26,0,0
BRDA:320,27,0,0
BRDA:325,28,0,0
BRDA:325,28,1,0
BRDA:333,29,0,0
BRDA:333,29,1,0
BRDA:334,30,0,0
BRDA:334,30,1,0
BRDA:335,31,0,0
BRDA:335,31,1,0
BRDA:337,32,0,0
BRDA:337,32,1,0
BRDA:337,33,0,0
BRDA:337,33,1,0
BRDA:339,34,0,0
BRDA:339,34,1,0
BRDA:340,35,0,0
BRDA:340,35,1,0
BRDA:367,36,0,0
BRDA:367,36,1,0
BRDA:378,37,0,0
BRDA:378,37,1,0
BRF:67
BRH:0
end_of_record
TN:
SF:controller\encounterController.js
FN:12,(anonymous_0)
FN:44,(anonymous_1)
FN:77,(anonymous_2)
FN:100,(anonymous_3)
FN:116,(anonymous_4)
FN:124,(anonymous_5)
FN:155,(anonymous_6)
FNF:7
FNH:0
FNDA:0,(anonymous_0)
FNDA:0,(anonymous_1)
FNDA:0,(anonymous_2)
FNDA:0,(anonymous_3)
FNDA:0,(anonymous_4)
FNDA:0,(anonymous_5)
FNDA:0,(anonymous_6)
DA:6,1
DA:13,0
DA:16,0
DA:17,0
DA:21,0
DA:24,0
DA:31,0
DA:33,0
DA:34,0
DA:35,0
DA:44,0
DA:47,0
DA:61,0
DA:64,0
DA:78,0
DA:79,0
DA:90,0
DA:91,0
DA:94,0
DA:100,1
DA:101,0
DA:102,0
DA:104,0
DA:111,0
DA:113,0
DA:115,0
DA:116,0
DA:117,0
DA:118,0
DA:120,0
DA:122,0
DA:123,0
DA:124,0
DA:125,0
DA:126,0
DA:128,0
DA:134,0
DA:136,0
DA:146,0
DA:148,0
DA:155,1
DA:156,0
DA:158,0
DA:162,0
DA:163,0
DA:166,0
LF:46
LH:3
BRDA:33,0,0,0
BRDA:33,0,1,0
BRDA:90,1,0,0
BRDA:90,1,1,0
BRDA:101,2,0,0
BRDA:113,3,0,0
BRDA:113,3,1,0
BRDA:120,4,0,0
BRDA:120,4,1,0
BRDA:122,5,0,0
BRDA:122,5,1,0
BRDA:162,6,0,0
BRDA:162,6,1,0
BRF:13
BRH:0
end_of_record
TN:
SF:controller\enhancedMedicalRecordController.js
FN:10,(anonymous_0)
FN:81,(anonymous_1)
FN:113,(anonymous_2)
FN:147,(anonymous_3)
FN:201,(anonymous_4)
FN:257,(anonymous_5)
FN:296,(anonymous_6)
FN:340,(anonymous_7)
FN:394,(anonymous_8)
FNF:9
FNH:0
FNDA:0,(anonymous_0)
FNDA:0,(anonymous_1)
FNDA:0,(anonymous_2)
FNDA:0,(anonymous_3)
FNDA:0,(anonymous_4)
FNDA:0,(anonymous_5)
FNDA:0,(anonymous_6)
FNDA:0,(anonymous_7)
FNDA:0,(anonymous_8)
DA:8,1
DA:29,0
DA:31,0
DA:34,0
DA:45,0
DA:66,0
DA:73,0
DA:82,0
DA:83,0
DA:85,0
DA:86,0
DA:87,0
DA:88,0
DA:89,0
DA:92,0
DA:102,0
DA:103,0
DA:106,0
DA:114,0
DA:115,0
DA:117,0
DA:119,0
DA:131,0
DA:136,0
DA:148,0
DA:149,0
DA:151,0
DA:152,0
DA:153,0
DA:157,0
DA:158,0
DA:159,0
DA:162,0
DA:173,0
DA:176,0
DA:183,0
DA:186,0
DA:191,0
DA:193,0
DA:202,0
DA:214,0
DA:216,0
DA:217,0
DA:218,0
DA:221,0
DA:237,0
DA:240,0
DA:247,0
DA:249,0
DA:258,0
DA:259,0
DA:261,0
DA:262,0
DA:263,0
DA:266,0
DA:268,0
DA:279,0
DA:286,0
DA:288,0
DA:297,0
DA:298,0
DA:300,0
DA:301,0
DA:302,0
DA:306,0
DA:307,0
DA:310,0
DA:319,0
DA:320,0
DA:323,0
DA:330,0
DA:332,0
DA:341,0
DA:343,0
DA:345,0
DA:346,0
DA:347,0
DA:348,0
DA:351,0
DA:365,0
DA:366,0
DA:369,0
DA:385,0
DA:387,0
DA:404,0
DA:406,0
DA:408,0
DA:409,0
DA:416,0
DA:417,0
DA:420,0
DA:421,0
DA:422,0
DA:423,0
DA:426,0
DA:428,0
DA:436,0
DA:437,0
DA:448,0
DA:449,0
DA:451,0
LF:101
LH:1
BRDA:35,0,0,0
BRDA:35,0,1,0
BRDA:36,1,0,0
BRDA:36,1,1,0
BRDA:37,2,0,0
BRDA:37,2,1,0
BRDA:37,2,2,0
BRDA:38,3,0,0
BRDA:38,3,1,0
BRDA:38,3,2,0
BRDA:39,4,0,0
BRDA:39,4,1,0
BRDA:40,5,0,0
BRDA:40,5,1,0
BRDA:49,6,0,0
BRDA:49,6,1,0
BRDA:59,7,0,0
BRDA:59,7,1,0
BRDA:83,8,0,0
BRDA:83,8,1,0
BRDA:86,9,0,0
BRDA:86,9,1,0
BRDA:88,10,0,0
BRDA:88,10,1,0
BRDA:102,11,0,0
BRDA:102,11,1,0
BRDA:115,12,0,0
BRDA:115,13,0,0
BRDA:152,14,0,0
BRDA:152,14,1,0
BRDA:158,15,0,0
BRDA:158,15,1,0
BRDA:164,16,0,0
BRDA:164,16,1,0
BRDA:165,17,0,0
BRDA:165,17,1,0
BRDA:168,18,0,0
BRDA:168,18,1,0
BRDA:217,19,0,0
BRDA:217,19,1,0
BRDA:262,20,0,0
BRDA:262,20,1,0
BRDA:298,21,0,0
BRDA:301,22,0,0
BRDA:301,22,1,0
BRDA:306,23,0,0
BRDA:306,23,1,0
BRDA:345,24,0,0
BRDA:345,24,1,0
BRDA:345,25,0,0
BRDA:345,25,1,0
BRDA:347,26,0,0
BRDA:347,26,1,0
BRDA:348,27,0,0
BRDA:348,27,1,0
BRDA:365,28,0,0
BRDA:365,28,1,0
BRDA:402,29,0,0
BRDA:403,30,0,0
BRDA:408,31,0,0
BRDA:408,31,1,0
BRDA:416,32,0,0
BRDA:416,32,1,0
BRDA:420,33,0,0
BRDA:420,33,1,0
BRDA:420,34,0,0
BRDA:420,34,1,0
BRDA:422,35,0,0
BRDA:422,35,1,0
BRDA:423,36,0,0
BRDA:423,36,1,0
BRDA:436,37,0,0
BRDA:436,37,1,0
BRF:73
BRH:0
end_of_record
TN:
SF:controller\icd10Controller.js
FN:8,(anonymous_0)
FN:25,(anonymous_1)
FN:38,(anonymous_2)
FN:52,(anonymous_3)
FN:85,(anonymous_4)
FN:113,(anonymous_5)
FN:148,(anonymous_6)
FN:170,(anonymous_7)
FNF:8
FNH:0
FNDA:0,(anonymous_0)
FNDA:0,(anonymous_1)
FNDA:0,(anonymous_2)
FNDA:0,(anonymous_3)
FNDA:0,(anonymous_4)
FNDA:0,(anonymous_5)
FNDA:0,(anonymous_6)
FNDA:0,(anonymous_7)
DA:6,1
DA:9,0
DA:11,0
DA:12,0
DA:15,0
DA:17,0
DA:26,0
DA:28,0
DA:30,0
DA:39,0
DA:41,0
DA:43,0
DA:53,0
DA:77,0
DA:86,0
DA:88,0
DA:93,0
DA:94,0
DA:98,0
DA:101,0
DA:103,0
DA:122,0
DA:125,0
DA:126,0
DA:127,0
DA:130,0
DA:140,0
DA:149,0
DA:150,0
DA:152,0
DA:158,0
DA:159,0
DA:162,0
DA:171,0
DA:184,0
DA:185,0
DA:190,0
LF:37
LH:1
BRDA:9,0,0,0
BRDA:11,1,0,0
BRDA:11,1,1,0
BRDA:11,2,0,0
BRDA:11,2,1,0
BRDA:26,3,0,0
BRDA:93,4,0,0
BRDA:93,4,1,0
BRDA:126,5,0,0
BRDA:126,5,1,0
BRDA:136,6,0,0
BRDA:136,6,1,0
BRDA:137,7,0,0
BRDA:137,7,1,0
BRDA:158,8,0,0
BRDA:158,8,1,0
BRDA:194,9,0,0
BRDA:194,9,1,0
BRF:18
BRH:0
end_of_record
TN:
SF:controller\insuranceController.js
FN:8,(anonymous_0)
FN:66,(anonymous_1)
FN:187,(anonymous_2)
FN:224,(anonymous_3)
FN:281,(anonymous_4)
FN:326,(anonymous_5)
FN:434,(anonymous_6)
FN:436,(anonymous_7)
FN:453,(anonymous_8)
FN:465,(anonymous_9)
FN:491,(anonymous_10)
FNF:11
FNH:0
FNDA:0,(anonymous_0)
FNDA:0,(anonymous_1)
FNDA:0,(anonymous_2)
FNDA:0,(anonymous_3)
FNDA:0,(anonymous_4)
FNDA:0,(anonymous_5)
FNDA:0,(anonymous_6)
FNDA:0,(anonymous_7)
FNDA:0,(anonymous_8)
FNDA:0,(anonymous_9)
FNDA:0,(anonymous_10)
DA:8,1
DA:20,0
DA:23,0
DA:26,0
DA:27,0
DA:31,0
DA:47,0
DA:49,0
DA:52,0
DA:58,0
DA:66,1
DA:78,0
DA:81,0
DA:83,0
DA:84,0
DA:85,0
DA:87,0
DA:88,0
DA:89,0
DA:90,0
DA:94,0
DA:95,0
DA:96,0
DA:97,0
DA:101,0
DA:133,0
DA:134,0
DA:154,0
DA:155,0
DA:156,0
DA:159,0
DA:161,0
DA:173,0
DA:174,0
DA:176,0
DA:187,1
DA:188,0
DA:204,0
DA:205,0
DA:209,0
DA:210,0
DA:213,0
DA:214,0
DA:217,0
DA:224,1
DA:225,0
DA:227,0
DA:228,0
DA:232,0
DA:233,0
DA:237,0
DA:238,0
DA:249,0
DA:252,0
DA:253,0
DA:254,0
DA:255,0
DA:256,0
DA:259,0
DA:260,0
DA:262,0
DA:263,0
DA:267,0
DA:273,0
DA:281,1
DA:282,0
DA:284,0
DA:286,0
DA:287,0
DA:291,0
DA:292,0
DA:296,0
DA:297,0
DA:304,0
DA:305,0
DA:307,0
DA:308,0
DA:312,0
DA:314,0
DA:318,0
DA:326,1
DA:327,0
DA:330,0
DA:331,0
DA:332,0
DA:333,0
DA:334,0
DA:337,0
DA:340,0
DA:341,0
DA:351,0
DA:434,0
DA:435,0
DA:436,0
DA:438,0
DA:440,0
DA:453,0
DA:465,1
DA:466,0
DA:468,0
DA:469,0
DA:472,0
DA:473,0
DA:477,0
DA:478,0
DA:481,0
DA:483,0
DA:491,1
DA:492,0
DA:494,0
DA:495,0
DA:499,0
DA:500,0
DA:504,0
DA:505,0
DA:508,0
DA:510,0
LF:117
LH:8
BRDA:26,0,0,0
BRDA:26,0,1,0
BRDA:26,1,0,0
BRDA:26,1,1,0
BRDA:68,2,0,0
BRDA:69,3,0,0
BRDA:76,4,0,0
BRDA:77,5,0,0
BRDA:83,6,0,0
BRDA:83,6,1,0
BRDA:84,7,0,0
BRDA:84,7,1,0
BRDA:85,8,0,0
BRDA:85,8,1,0
BRDA:87,9,0,0
BRDA:87,9,1,0
BRDA:87,10,0,0
BRDA:87,10,1,0
BRDA:89,11,0,0
BRDA:89,11,1,0
BRDA:90,12,0,0
BRDA:90,12,1,0
BRDA:94,13,0,0
BRDA:94,13,1,0
BRDA:96,14,0,0
BRDA:96,14,1,0
BRDA:133,15,0,0
BRDA:133,15,1,0
BRDA:155,16,0,0
BRDA:155,16,1,0
BRDA:173,17,0,0
BRDA:173,17,1,0
BRDA:204,18,0,0
BRDA:204,18,1,0
BRDA:209,19,0,0
BRDA:209,19,1,0
BRDA:209,20,0,0
BRDA:209,20,1,0
BRDA:213,21,0,0
BRDA:213,21,1,0
BRDA:213,22,0,0
BRDA:213,22,1,0
BRDA:227,23,0,0
BRDA:227,23,1,0
BRDA:232,24,0,0
BRDA:232,24,1,0
BRDA:232,25,0,0
BRDA:232,25,1,0
BRDA:237,26,0,0
BRDA:237,26,1,0
BRDA:252,27,0,0
BRDA:252,27,1,0
BRDA:253,28,0,0
BRDA:253,28,1,0
BRDA:254,29,0,0
BRDA:254,29,1,0
BRDA:255,30,0,0
BRDA:255,30,1,0
BRDA:256,31,0,0
BRDA:256,31,1,0
BRDA:259,32,0,0
BRDA:259,32,1,0
BRDA:259,33,0,0
BRDA:259,33,1,0
BRDA:286,34,0,0
BRDA:286,34,1,0
BRDA:291,35,0,0
BRDA:291,35,1,0
BRDA:296,36,0,0
BRDA:296,36,1,0
BRDA:304,37,0,0
BRDA:304,37,1,0
BRDA:307,38,0,0
BRDA:307,38,1,0
BRDA:331,39,0,0
BRDA:331,39,1,0
BRDA:331,40,0,0
BRDA:331,40,1,0
BRDA:333,41,0,0
BRDA:333,41,1,0
BRDA:334,42,0,0
BRDA:334,42,1,0
BRDA:337,43,0,0
BRDA:337,43,1,0
BRDA:340,44,0,0
BRDA:340,44,1,0
BRDA:438,45,0,0
BRDA:438,45,1,0
BRDA:446,46,0,0
BRDA:446,46,1,0
BRDA:468,47,0,0
BRDA:468,47,1,0
BRDA:472,48,0,0
BRDA:472,48,1,0
BRDA:477,49,0,0
BRDA:477,49,1,0
BRDA:477,50,0,0
BRDA:477,50,1,0
BRDA:494,51,0,0
BRDA:494,51,1,0
BRDA:499,52,0,0
BRDA:499,52,1,0
BRDA:504,53,0,0
BRDA:504,53,1,0
BRDA:504,54,0,0
BRDA:504,54,1,0
BRF:106
BRH:0
end_of_record
TN:
SF:controller\labController.js
FN:12,(anonymous_0)
FN:35,(anonymous_1)
FN:49,(anonymous_2)
FN:59,(anonymous_3)
FN:60,(anonymous_4)
FN:68,(anonymous_5)
FN:102,(anonymous_6)
FN:244,(anonymous_7)
FN:285,(anonymous_8)
FN:302,(anonymous_9)
FN:325,(anonymous_10)
FN:386,(anonymous_11)
FN:453,(anonymous_12)
FN:524,(anonymous_13)
FN:550,(anonymous_14)
FN:558,(anonymous_15)
FN:559,(anonymous_16)
FN:595,(anonymous_17)
FN:635,(anonymous_18)
FN:636,(anonymous_19)
FN:662,(anonymous_20)
FNF:21
FNH:0
FNDA:0,(anonymous_0)
FNDA:0,(anonymous_1)
FNDA:0,(anonymous_2)
FNDA:0,(anonymous_3)
FNDA:0,(anonymous_4)
FNDA:0,(anonymous_5)
FNDA:0,(anonymous_6)
FNDA:0,(anonymous_7)
FNDA:0,(anonymous_8)
FNDA:0,(anonymous_9)
FNDA:0,(anonymous_10)
FNDA:0,(anonymous_11)
FNDA:0,(anonymous_12)
FNDA:0,(anonymous_13)
FNDA:0,(anonymous_14)
FNDA:0,(anonymous_15)
FNDA:0,(anonymous_16)
FNDA:0,(anonymous_17)
FNDA:0,(anonymous_18)
FNDA:0,(anonymous_19)
FNDA:0,(anonymous_20)
DA:10,1
DA:13,0
DA:15,0
DA:17,0
DA:18,0
DA:21,0
DA:22,0
DA:25,0
DA:27,0
DA:36,0
DA:37,0
DA:40,0
DA:41,0
DA:44,0
DA:45,0
DA:49,0
DA:50,0
DA:55,0
DA:56,0
DA:59,0
DA:60,0
DA:61,0
DA:65,0
DA:68,0
DA:78,0
DA:79,0
DA:82,0
DA:85,0
DA:88,0
DA:94,0
DA:104,0
DA:107,0
DA:110,0
DA:111,0
DA:114,0
DA:117,0
DA:118,0
DA:121,0
DA:221,0
DA:222,0
DA:227,0
DA:234,0
DA:236,0
DA:245,0
DA:246,0
DA:248,0
DA:249,0
DA:250,0
DA:253,0
DA:258,0
DA:259,0
DA:263,0
DA:268,0
DA:272,0
DA:273,0
DA:274,0
DA:275,0
DA:278,0
DA:281,0
DA:284,0
DA:285,0
DA:286,0
DA:289,0
DA:290,0
DA:291,0
DA:292,0
DA:295,0
DA:311,0
DA:313,0
DA:316,0
DA:321,0
DA:322,0
DA:325,0
DA:326,0
DA:327,0
DA:331,0
DA:332,0
DA:333,0
DA:335,0
DA:336,0
DA:337,0
DA:338,0
DA:339,0
DA:340,0
DA:341,0
DA:345,0
DA:365,0
DA:376,0
DA:378,0
DA:387,0
DA:388,0
DA:389,0
DA:390,0
DA:392,0
DA:395,0
DA:396,0
DA:398,0
DA:399,0
DA:402,0
DA:403,0
DA:406,0
DA:436,0
DA:438,0
DA:447,0
DA:448,0
DA:454,0
DA:455,0
DA:456,0
DA:457,0
DA:459,0
DA:461,0
DA:462,0
DA:464,0
DA:466,0
DA:467,0
DA:468,0
DA:469,0
DA:472,0
DA:473,0
DA:475,0
DA:507,0
DA:509,0
DA:518,0
DA:519,0
DA:533,0
DA:535,0
DA:538,0
DA:541,0
DA:542,0
DA:546,0
DA:550,0
DA:557,0
DA:558,0
DA:559,0
DA:565,0
DA:579,0
DA:581,0
DA:587,0
DA:596,0
DA:598,0
DA:599,0
DA:600,0
DA:607,0
DA:612,0
DA:613,0
DA:620,0
DA:625,0
DA:636,0
DA:637,0
DA:647,0
DA:652,0
DA:653,0
DA:663,0
DA:665,0
DA:666,0
DA:667,0
DA:668,0
DA:669,0
DA:672,0
DA:689,0
DA:709,0
LF:161
LH:1
BRDA:17,0,0,0
BRDA:17,0,1,0
BRDA:21,1,0,0
BRDA:21,1,1,0
BRDA:40,2,0,0
BRDA:40,2,1,0
BRDA:44,3,0,0
BRDA:44,3,1,0
BRDA:44,4,0,0
BRDA:44,4,1,0
BRDA:55,5,0,0
BRDA:55,5,1,0
BRDA:70,6,0,0
BRDA:70,6,1,0
BRDA:71,7,0,0
BRDA:71,7,1,0
BRDA:78,8,0,0
BRDA:78,8,1,0
BRDA:104,9,0,0
BRDA:110,10,0,0
BRDA:110,10,1,0
BRDA:117,11,0,0
BRDA:117,11,1,0
BRDA:221,12,0,0
BRDA:221,12,1,0
BRDA:249,13,0,0
BRDA:249,13,1,0
BRDA:258,14,0,0
BRDA:258,14,1,0
BRDA:272,15,0,0
BRDA:272,15,1,0
BRDA:274,16,0,0
BRDA:274,16,1,0
BRDA:289,17,0,0
BRDA:289,17,1,0
BRDA:321,18,0,0
BRDA:321,18,1,0
BRDA:326,19,0,0
BRDA:326,19,1,0
BRDA:326,20,0,0
BRDA:326,20,1,0
BRDA:335,21,0,0
BRDA:335,21,1,0
BRDA:335,22,0,0
BRDA:335,22,1,0
BRDA:336,23,0,0
BRDA:336,23,1,0
BRDA:336,24,0,0
BRDA:336,24,1,0
BRDA:339,25,0,0
BRDA:339,25,1,0
BRDA:339,26,0,0
BRDA:339,26,1,0
BRDA:355,27,0,0
BRDA:355,27,1,0
BRDA:356,28,0,0
BRDA:356,28,1,0
BRDA:356,29,0,0
BRDA:356,29,1,0
BRDA:356,30,0,0
BRDA:356,30,1,0
BRDA:357,31,0,0
BRDA:357,31,1,0
BRDA:389,32,0,0
BRDA:389,32,1,0
BRDA:390,33,0,0
BRDA:390,33,1,0
BRDA:395,34,0,0
BRDA:395,34,1,0
BRDA:395,35,0,0
BRDA:395,35,1,0
BRDA:398,36,0,0
BRDA:398,36,1,0
BRDA:399,37,0,0
BRDA:399,37,1,0
BRDA:456,38,0,0
BRDA:456,38,1,0
BRDA:457,39,0,0
BRDA:457,39,1,0
BRDA:461,40,0,0
BRDA:461,40,1,0
BRDA:461,41,0,0
BRDA:461,41,1,0
BRDA:464,42,0,0
BRDA:464,42,1,0
BRDA:466,43,0,0
BRDA:466,43,1,0
BRDA:466,44,0,0
BRDA:466,44,1,0
BRDA:468,45,0,0
BRDA:468,45,1,0
BRDA:469,46,0,0
BRDA:469,46,1,0
BRDA:541,47,0,0
BRDA:541,47,1,0
BRDA:553,48,0,0
BRDA:553,48,1,0
BRDA:561,49,0,0
BRDA:561,49,1,0
BRDA:562,50,0,0
BRDA:562,50,1,0
BRDA:599,51,0,0
BRDA:599,51,1,0
BRDA:612,52,0,0
BRDA:612,52,1,0
BRDA:641,53,0,0
BRDA:641,53,1,0
BRDA:666,54,0,0
BRDA:666,54,1,0
BRDA:666,55,0,0
BRDA:666,55,1,0
BRDA:668,56,0,0
BRDA:668,56,1,0
BRDA:669,57,0,0
BRDA:669,57,1,0
BRDA:711,58,0,0
BRDA:711,58,1,0
BRF:117
BRH:0
end_of_record
TN:
SF:controller\labTestController.js
FN:6,(anonymous_0)
FNF:1
FNH:0
FNDA:0,(anonymous_0)
DA:4,0
DA:7,0
DA:8,0
DA:10,0
DA:12,0
DA:13,0
DA:16,0
DA:17,0
DA:20,0
DA:23,0
DA:29,0
DA:30,0
LF:12
LH:0
BRDA:12,0,0,0
BRDA:12,0,1,0
BRDA:16,1,0,0
BRDA:16,1,1,0
BRF:4
BRH:0
end_of_record
TN:
SF:controller\medicalRecordController.js
FN:12,(anonymous_0)
FN:57,(anonymous_1)
FN:64,(anonymous_2)
FN:88,(anonymous_3)
FN:124,(anonymous_4)
FN:159,(anonymous_5)
FN:180,(anonymous_6)
FN:195,(anonymous_7)
FN:213,(anonymous_8)
FN:248,(anonymous_9)
FN:262,(anonymous_10)
FN:286,(anonymous_11)
FNF:12
FNH:0
FNDA:0,(anonymous_0)
FNDA:0,(anonymous_1)
FNDA:0,(anonymous_2)
FNDA:0,(anonymous_3)
FNDA:0,(anonymous_4)
FNDA:0,(anonymous_5)
FNDA:0,(anonymous_6)
FNDA:0,(anonymous_7)
FNDA:0,(anonymous_8)
FNDA:0,(anonymous_9)
FNDA:0,(anonymous_10)
FNDA:0,(anonymous_11)
DA:12,1
DA:22,0
DA:24,0
DA:25,0
DA:26,0
DA:27,0
DA:28,0
DA:29,0
DA:30,0
DA:31,0
DA:32,0
DA:35,0
DA:36,0
DA:44,0
DA:57,1
DA:58,0
DA:64,0
DA:81,0
DA:88,1
DA:89,0
DA:90,0
DA:92,0
DA:93,0
DA:94,0
DA:98,0
DA:100,0
DA:103,0
DA:107,0
DA:124,1
DA:125,0
DA:127,0
DA:128,0
DA:131,0
DA:132,0
DA:133,0
DA:136,0
DA:137,0
DA:138,0
DA:141,0
DA:151,0
DA:159,1
DA:160,0
DA:161,0
DA:165,0
DA:166,0
DA:173,0
DA:180,1
DA:181,0
DA:182,0
DA:187,0
DA:195,1
DA:196,0
DA:198,0
DA:202,0
DA:203,0
DA:206,0
DA:213,1
DA:214,0
DA:215,0
DA:217,0
DA:231,0
DA:232,0
DA:235,0
DA:248,1
DA:249,0
DA:252,0
DA:256,0
DA:262,1
DA:266,0
DA:278,0
DA:286,1
DA:287,0
DA:290,0
DA:292,0
DA:293,0
DA:296,0
DA:297,0
DA:299,0
LF:78
LH:11
BRDA:14,0,0,0
BRDA:15,1,0,0
BRDA:25,2,0,0
BRDA:25,2,1,0
BRDA:26,3,0,0
BRDA:26,3,1,0
BRDA:27,4,0,0
BRDA:27,4,1,0
BRDA:28,5,0,0
BRDA:28,5,1,0
BRDA:29,6,0,0
BRDA:29,6,1,0
BRDA:29,7,0,0
BRDA:29,7,1,0
BRDA:31,8,0,0
BRDA:31,8,1,0
BRDA:32,9,0,0
BRDA:32,9,1,0
BRDA:66,10,0,0
BRDA:66,10,1,0
BRDA:69,11,0,0
BRDA:69,11,1,0
BRDA:70,12,0,0
BRDA:70,12,1,0
BRDA:71,13,0,0
BRDA:71,13,1,0
BRDA:72,14,0,0
BRDA:72,14,1,0
BRDA:74,15,0,0
BRDA:74,15,1,0
BRDA:75,16,0,0
BRDA:75,16,1,0
BRDA:78,17,0,0
BRDA:78,17,1,0
BRDA:127,18,0,0
BRDA:127,18,1,0
BRDA:127,19,0,0
BRDA:127,19,1,0
BRDA:127,19,2,0
BRDA:127,19,3,0
BRDA:127,19,4,0
BRDA:127,19,5,0
BRDA:132,20,0,0
BRDA:132,20,1,0
BRDA:137,21,0,0
BRDA:137,21,1,0
BRDA:148,22,0,0
BRDA:148,22,1,0
BRDA:165,23,0,0
BRDA:165,23,1,0
BRDA:189,24,0,0
BRDA:189,24,1,0
BRDA:202,25,0,0
BRDA:202,25,1,0
BRDA:231,26,0,0
BRDA:231,26,1,0
BRDA:258,27,0,0
BRDA:258,27,1,0
BRDA:292,28,0,0
BRDA:292,28,1,0
BRF:60
BRH:0
end_of_record
TN:
SF:controller\messageController.js
FN:5,(anonymous_0)
FN:18,(anonymous_1)
FNF:2
FNH:0
FNDA:0,(anonymous_0)
FNDA:0,(anonymous_1)
DA:5,1
DA:6,0
DA:7,0
DA:8,0
DA:10,0
DA:11,0
DA:18,1
DA:19,0
DA:20,0
LF:9
LH:2
BRDA:7,0,0,0
BRDA:7,0,1,0
BRDA:7,1,0,0
BRDA:7,1,1,0
BRDA:7,1,2,0
BRDA:7,1,3,0
BRDA:7,1,4,0
BRF:7
BRH:0
end_of_record
TN:
SF:controller\patientProfile.controller.js
FN:14,(anonymous_0)
FN:34,(anonymous_1)
FNF:2
FNH:0
FNDA:0,(anonymous_0)
FNDA:0,(anonymous_1)
DA:14,0
DA:15,0
DA:16,0
DA:18,0
DA:19,0
DA:21,0
DA:22,0
DA:23,0
DA:27,0
DA:29,0
DA:30,0
DA:34,0
DA:35,0
DA:37,0
DA:38,0
DA:39,0
DA:42,0
DA:44,0
DA:45,0
DA:46,0
DA:47,0
DA:48,0
DA:54,0
DA:59,0
LF:24
LH:0
BRDA:21,0,0,0
BRDA:21,0,1,0
BRDA:38,1,0,0
BRDA:38,1,1,0
BRDA:38,2,0,0
BRDA:38,2,1,0
BRDA:44,3,0,0
BRDA:44,3,1,0
BRDA:45,4,0,0
BRDA:45,4,1,0
BRDA:46,5,0,0
BRDA:46,5,1,0
BRF:12
BRH:0
end_of_record
TN:
SF:controller\prescriptionController.js
FN:8,(anonymous_0)
FN:19,(anonymous_1)
FN:60,(anonymous_2)
FN:81,(anonymous_3)
FN:111,(anonymous_4)
FN:131,(anonymous_5)
FNF:6
FNH:0
FNDA:0,(anonymous_0)
FNDA:0,(anonymous_1)
FNDA:0,(anonymous_2)
FNDA:0,(anonymous_3)
FNDA:0,(anonymous_4)
FNDA:0,(anonymous_5)
DA:8,1
DA:9,0
DA:10,0
DA:19,1
DA:20,0
DA:21,0
DA:23,0
DA:24,0
DA:26,0
DA:27,0
DA:30,0
DA:31,0
DA:32,0
DA:35,0
DA:36,0
DA:39,0
DA:48,0
DA:60,1
DA:61,0
DA:62,0
DA:68,0
DA:81,1
DA:82,0
DA:83,0
DA:85,0
DA:86,0
DA:87,0
DA:91,0
DA:94,0
DA:95,0
DA:97,0
DA:99,0
DA:111,1
DA:112,0
DA:113,0
DA:115,0
DA:116,0
DA:120,0
DA:122,0
DA:124,0
DA:131,1
DA:132,0
DA:133,0
DA:135,0
DA:136,0
DA:139,0
DA:143,0
LF:47
LH:6
BRDA:9,0,0,0
BRDA:9,0,1,0
BRDA:23,1,0,0
BRDA:23,1,1,0
BRDA:23,2,0,0
BRDA:23,2,1,0
BRDA:23,2,2,0
BRDA:23,2,3,0
BRDA:26,3,0,0
BRDA:26,3,1,0
BRDA:31,4,0,0
BRDA:31,4,1,0
BRDA:35,5,0,0
BRDA:35,5,1,0
BRDA:86,6,0,0
BRDA:86,6,1,0
BRDA:94,7,0,0
BRDA:94,7,1,0
BRDA:95,8,0,0
BRDA:95,8,1,0
BRDA:115,9,0,0
BRDA:115,9,1,0
BRDA:135,10,0,0
BRDA:135,10,1,0
BRDA:135,11,0,0
BRDA:135,11,1,0
BRF:26
BRH:0
end_of_record
TN:
SF:controller\receptionController.js
FN:14,(anonymous_0)
FN:67,(anonymous_1)
FNF:2
FNH:0
FNDA:0,(anonymous_0)
FNDA:0,(anonymous_1)
DA:8,1
DA:16,0
DA:17,0
DA:18,0
DA:20,0
DA:21,0
DA:22,0
DA:24,0
DA:25,0
DA:27,0
DA:28,0
DA:30,0
DA:31,0
DA:32,0
DA:36,0
DA:37,0
DA:38,0
DA:42,0
DA:43,0
DA:46,0
DA:53,0
DA:55,0
DA:62,0
DA:63,0
DA:68,0
DA:69,0
DA:70,0
DA:74,0
DA:75,0
DA:78,0
DA:81,0
LF:31
LH:1
BRDA:21,0,0,0
BRDA:21,0,1,0
BRDA:24,1,0,0
BRDA:24,1,1,0
BRDA:27,2,0,0
BRDA:27,2,1,0
BRDA:30,3,0,0
BRDA:30,3,1,0
BRDA:37,4,0,0
BRDA:37,4,1,0
BRDA:74,5,0,0
BRDA:74,5,1,0
BRF:12
BRH:0
end_of_record
TN:
SF:controller\serviceCatalogController.js
FN:23,(anonymous_0)
FN:46,(anonymous_1)
FN:57,(anonymous_2)
FN:79,(anonymous_3)
FN:96,(anonymous_4)
FNF:5
FNH:0
FNDA:0,(anonymous_0)
FNDA:0,(anonymous_1)
FNDA:0,(anonymous_2)
FNDA:0,(anonymous_3)
FNDA:0,(anonymous_4)
DA:7,1
DA:17,1
DA:24,0
DA:25,0
DA:26,0
DA:27,0
DA:30,0
DA:32,0
DA:34,0
DA:35,0
DA:37,0
DA:47,0
DA:48,0
DA:49,0
DA:50,0
DA:51,0
DA:54,0
DA:57,0
DA:68,0
DA:70,0
DA:80,0
DA:81,0
DA:82,0
DA:83,0
DA:85,0
DA:87,0
DA:97,0
DA:99,0
DA:100,0
DA:101,0
DA:104,0
DA:105,0
DA:106,0
DA:110,0
DA:112,0
LF:35
LH:2
BRDA:26,0,0,0
BRDA:26,0,1,0
BRDA:34,1,0,0
BRDA:34,1,1,0
BRDA:48,2,0,0
BRDA:50,3,0,0
BRDA:50,3,1,0
BRDA:62,4,0,0
BRDA:62,4,1,0
BRDA:64,5,0,0
BRDA:64,5,1,0
BRDA:82,6,0,0
BRDA:82,6,1,0
BRDA:100,7,0,0
BRDA:100,7,1,0
BRDA:105,8,0,0
BRDA:105,8,1,0
BRF:17
BRH:0
end_of_record
TN:
SF:controller\userController.js
FN:18,(anonymous_0)
FN:61,(anonymous_1)
FN:81,(anonymous_2)
FN:114,(anonymous_3)
FN:154,(anonymous_4)
FN:174,(anonymous_5)
FN:204,(anonymous_6)
FN:218,(anonymous_7)
FN:335,(anonymous_8)
FN:390,(anonymous_9)
FN:398,(anonymous_10)
FNF:11
FNH:0
FNDA:0,(anonymous_0)
FNDA:0,(anonymous_1)
FNDA:0,(anonymous_2)
FNDA:0,(anonymous_3)
FNDA:0,(anonymous_4)
FNDA:0,(anonymous_5)
FNDA:0,(anonymous_6)
FNDA:0,(anonymous_7)
FNDA:0,(anonymous_8)
FNDA:0,(anonymous_9)
FNDA:0,(anonymous_10)
DA:18,1
DA:19,0
DA:22,0
DA:23,0
DA:27,0
DA:28,0
DA:29,0
DA:33,0
DA:34,0
DA:38,0
DA:45,0
DA:46,0
DA:48,0
DA:51,0
DA:61,1
DA:62,0
DA:63,0
DA:64,0
DA:65,0
DA:67,0
DA:68,0
DA:70,0
DA:71,0
DA:72,0
DA:75,0
DA:81,1
DA:82,0
DA:84,0
DA:85,0
DA:88,0
DA:90,0
DA:91,0
DA:93,0
DA:94,0
DA:99,0
DA:100,0
DA:102,0
DA:104,0
DA:114,1
DA:115,0
DA:116,0
DA:118,0
DA:119,0
DA:120,0
DA:123,0
DA:124,0
DA:126,0
DA:127,0
DA:128,0
DA:131,0
DA:132,0
DA:134,0
DA:135,0
DA:136,0
DA:139,0
DA:140,0
DA:141,0
DA:142,0
DA:145,0
DA:148,0
DA:154,1
DA:156,0
DA:160,0
DA:162,0
DA:174,1
DA:175,0
DA:176,0
DA:177,0
DA:179,0
DA:180,0
DA:181,0
DA:183,0
DA:190,0
DA:204,1
DA:205,0
DA:206,0
DA:218,1
DA:219,0
DA:231,0
DA:232,0
DA:233,0
DA:237,0
DA:238,0
DA:239,0
DA:240,0
DA:243,0
DA:246,0
DA:248,0
DA:250,0
DA:251,0
DA:252,0
DA:267,0
DA:271,0
DA:272,0
DA:273,0
DA:276,0
DA:279,0
DA:280,0
DA:281,0
DA:283,0
DA:286,0
DA:294,0
DA:296,0
DA:305,0
DA:318,0
DA:326,0
DA:327,0
DA:330,0
DA:335,1
DA:336,0
DA:338,0
DA:341,0
DA:342,0
DA:343,0
DA:347,0
DA:348,0
DA:349,0
DA:351,0
DA:352,0
DA:353,0
DA:356,0
DA:358,0
DA:362,0
DA:363,0
DA:364,0
DA:367,0
DA:374,0
DA:381,0
DA:387,0
DA:390,1
DA:391,0
DA:392,0
DA:398,1
DA:399,0
DA:400,0
DA:402,0
DA:403,0
DA:404,0
DA:405,0
DA:407,0
DA:408,0
DA:409,0
DA:411,0
DA:412,0
DA:413,0
DA:415,0
DA:416,0
DA:417,0
DA:420,0
DA:433,0
LF:150
LH:11
BRDA:22,0,0,0
BRDA:22,0,1,0
BRDA:22,1,0,0
BRDA:22,1,1,0
BRDA:22,1,2,0
BRDA:22,1,3,0
BRDA:22,1,4,0
BRDA:22,1,5,0
BRDA:22,1,6,0
BRDA:22,1,7,0
BRDA:28,2,0,0
BRDA:28,2,1,0
BRDA:28,3,0,0
BRDA:28,3,1,0
BRDA:33,4,0,0
BRDA:33,4,1,0
BRDA:33,5,0,0
BRDA:33,5,1,0
BRDA:64,6,0,0
BRDA:64,6,1,0
BRDA:67,7,0,0
BRDA:67,7,1,0
BRDA:84,8,0,0
BRDA:84,8,1,0
BRDA:90,9,0,0
BRDA:90,9,1,0
BRDA:93,10,0,0
BRDA:93,10,1,0
BRDA:118,11,0,0
BRDA:118,11,1,0
BRDA:118,12,0,0
BRDA:118,12,1,0
BRDA:118,12,2,0
BRDA:124,13,0,0
BRDA:124,13,1,0
BRDA:126,14,0,0
BRDA:126,14,1,0
BRDA:134,15,0,0
BRDA:134,15,1,0
BRDA:140,16,0,0
BRDA:140,16,1,0
BRDA:176,17,0,0
BRDA:176,17,1,0
BRDA:176,18,0,0
BRDA:176,18,1,0
BRDA:176,18,2,0
BRDA:176,18,3,0
BRDA:176,18,4,0
BRDA:176,18,5,0
BRDA:176,18,6,0
BRDA:176,18,7,0
BRDA:180,19,0,0
BRDA:180,19,1,0
BRDA:223,20,0,0
BRDA:223,20,1,0
BRDA:231,21,0,0
BRDA:231,21,1,0
BRDA:238,22,0,0
BRDA:238,22,1,0
BRDA:243,23,0,0
BRDA:243,24,0,0
BRDA:250,25,0,0
BRDA:250,25,1,0
BRDA:250,26,0,0
BRDA:250,26,1,0
BRDA:271,27,0,0
BRDA:271,27,1,0
BRDA:271,28,0,0
BRDA:271,28,1,0
BRDA:279,29,0,0
BRDA:279,29,1,0
BRDA:280,30,0,0
BRDA:280,30,1,0
BRDA:322,31,0,0
BRDA:322,31,1,0
BRDA:326,32,0,0
BRDA:326,32,1,0
BRDA:341,33,0,0
BRDA:341,33,1,0
BRDA:341,34,0,0
BRDA:341,34,1,0
BRDA:351,35,0,0
BRDA:351,35,1,0
BRDA:351,36,0,0
BRDA:351,36,1,0
BRDA:362,37,0,0
BRDA:362,37,1,0
BRDA:399,38,0,0
BRDA:399,38,1,0
BRDA:399,39,0,0
BRDA:399,39,1,0
BRDA:404,40,0,0
BRDA:404,40,1,0
BRDA:408,41,0,0
BRDA:408,41,1,0
BRDA:408,42,0,0
BRDA:408,42,1,0
BRDA:408,42,2,0
BRDA:408,42,3,0
BRDA:408,42,4,0
BRDA:408,42,5,0
BRDA:408,42,6,0
BRDA:408,42,7,0
BRDA:408,42,8,0
BRDA:408,42,9,0
BRDA:408,42,10,0
BRDA:412,43,0,0
BRDA:412,43,1,0
BRDA:416,44,0,0
BRDA:416,44,1,0
BRDA:416,45,0,0
BRDA:416,45,1,0
BRDA:417,46,0,0
BRDA:417,46,1,0
BRF:114
BRH:0
end_of_record
TN:
SF:controller\vitalSigns.controller.js
FN:8,(anonymous_0)
FN:196,(anonymous_1)
FN:241,(anonymous_2)
FN:324,(anonymous_3)
FN:403,(anonymous_4)
FN:441,(anonymous_5)
FN:491,(anonymous_6)
FN:536,(anonymous_7)
FN:653,(anonymous_8)
FN:683,(anonymous_9)
FNF:10
FNH:0
FNDA:0,(anonymous_0)
FNDA:0,(anonymous_1)
FNDA:0,(anonymous_2)
FNDA:0,(anonymous_3)
FNDA:0,(anonymous_4)
FNDA:0,(anonymous_5)
FNDA:0,(anonymous_6)
FNDA:0,(anonymous_7)
FNDA:0,(anonymous_8)
FNDA:0,(anonymous_9)
DA:8,1
DA:9,0
DA:32,0
DA:35,0
DA:37,0
DA:39,0
DA:52,0
DA:66,0
DA:67,0
DA:68,0
DA:75,0
DA:76,0
DA:77,0
DA:78,0
DA:86,0
DA:87,0
DA:88,0
DA:89,0
DA:97,0
DA:98,0
DA:100,0
DA:101,0
DA:104,0
DA:118,0
DA:119,0
DA:120,0
DA:122,0
DA:123,0
DA:124,0
DA:126,0
DA:127,0
DA:128,0
DA:129,0
DA:131,0
DA:140,0
DA:143,0
DA:150,0
DA:157,0
DA:160,0
DA:161,0
DA:170,0
DA:171,0
DA:179,0
DA:180,0
DA:187,0
DA:196,1
DA:197,0
DA:198,0
DA:200,0
DA:207,0
DA:208,0
DA:215,0
DA:216,0
DA:218,0
DA:219,0
DA:225,0
DA:231,0
DA:232,0
DA:241,1
DA:242,0
DA:243,0
DA:254,0
DA:257,0
DA:258,0
DA:260,0
DA:261,0
DA:268,0
DA:270,0
DA:271,0
DA:272,0
DA:273,0
DA:276,0
DA:277,0
DA:280,0
DA:281,0
DA:282,0
DA:285,0
DA:288,0
DA:297,0
DA:299,0
DA:314,0
DA:315,0
DA:324,1
DA:325,0
DA:326,0
DA:327,0
DA:330,0
DA:331,0
DA:332,0
DA:339,0
DA:340,0
DA:347,0
DA:348,0
DA:349,0
DA:350,0
DA:351,0
DA:354,0
DA:355,0
DA:358,0
DA:366,0
DA:373,0
DA:376,0
DA:377,0
DA:386,0
DA:387,0
DA:394,0
DA:403,1
DA:404,0
DA:405,0
DA:407,0
DA:408,0
DA:409,0
DA:416,0
DA:417,0
DA:423,0
DA:425,0
DA:431,0
DA:432,0
DA:441,1
DA:442,0
DA:443,0
DA:444,0
DA:447,0
DA:448,0
DA:454,0
DA:455,0
DA:456,0
DA:462,0
DA:463,0
DA:464,0
DA:466,0
DA:468,0
DA:474,0
DA:481,0
DA:482,0
DA:491,1
DA:492,0
DA:493,0
DA:494,0
DA:497,0
DA:498,0
DA:500,0
DA:501,0
DA:507,0
DA:508,0
DA:514,0
DA:516,0
DA:526,0
DA:527,0
DA:536,1
DA:537,0
DA:544,0
DA:547,0
DA:549,0
DA:551,0
DA:552,0
DA:554,0
DA:555,0
DA:561,0
DA:565,0
DA:566,0
DA:567,0
DA:570,0
DA:572,0
DA:613,0
DA:614,0
DA:626,0
DA:628,0
DA:643,0
DA:644,0
DA:653,1
DA:654,0
DA:655,0
DA:657,0
DA:658,0
DA:659,0
DA:665,0
DA:667,0
DA:673,0
DA:674,0
DA:683,1
DA:684,0
DA:685,0
DA:686,0
DA:689,0
DA:690,0
DA:692,0
DA:693,0
DA:699,0
DA:700,0
DA:702,0
DA:747,0
DA:749,0
DA:761,0
DA:762,0
LF:195
LH:10
BRDA:37,0,0,0
BRDA:37,0,1,0
BRDA:67,1,0,0
BRDA:67,1,1,0
BRDA:67,2,0,0
BRDA:67,2,1,0
BRDA:75,3,0,0
BRDA:75,3,1,0
BRDA:77,4,0,0
BRDA:77,4,1,0
BRDA:86,5,0,0
BRDA:86,5,1,0
BRDA:88,6,0,0
BRDA:88,6,1,0
BRDA:97,7,0,0
BRDA:97,7,1,0
BRDA:100,8,0,0
BRDA:100,8,1,0
BRDA:110,9,0,0
BRDA:110,9,1,0
BRDA:111,10,0,0
BRDA:111,10,1,0
BRDA:112,11,0,0
BRDA:112,11,1,0
BRDA:113,12,0,0
BRDA:113,12,1,0
BRDA:114,13,0,0
BRDA:114,13,1,0
BRDA:118,14,0,0
BRDA:118,14,1,0
BRDA:118,15,0,0
BRDA:118,15,1,0
BRDA:119,16,0,0
BRDA:119,16,1,0
BRDA:120,17,0,0
BRDA:120,17,1,0
BRDA:122,18,0,0
BRDA:122,18,1,0
BRDA:122,19,0,0
BRDA:122,19,1,0
BRDA:127,20,0,0
BRDA:127,20,1,0
BRDA:128,21,0,0
BRDA:128,21,1,0
BRDA:128,22,0,0
BRDA:128,22,1,0
BRDA:129,23,0,0
BRDA:129,23,1,0
BRDA:160,24,0,0
BRDA:160,24,1,0
BRDA:170,25,0,0
BRDA:170,25,1,0
BRDA:179,26,0,0
BRDA:179,26,1,0
BRDA:207,27,0,0
BRDA:207,27,1,0
BRDA:218,28,0,0
BRDA:218,28,1,0
BRDA:218,29,0,0
BRDA:218,29,1,0
BRDA:245,30,0,0
BRDA:246,31,0,0
BRDA:247,32,0,0
BRDA:248,33,0,0
BRDA:260,34,0,0
BRDA:260,34,1,0
BRDA:260,35,0,0
BRDA:260,35,1,0
BRDA:270,36,0,0
BRDA:270,36,1,0
BRDA:270,37,0,0
BRDA:270,37,1,0
BRDA:272,38,0,0
BRDA:272,38,1,0
BRDA:273,39,0,0
BRDA:273,39,1,0
BRDA:276,40,0,0
BRDA:276,40,1,0
BRDA:277,41,0,0
BRDA:277,41,1,0
BRDA:282,42,0,0
BRDA:282,42,1,0
BRDA:331,43,0,0
BRDA:331,43,1,0
BRDA:339,44,0,0
BRDA:339,44,1,0
BRDA:339,45,0,0
BRDA:339,45,1,0
BRDA:376,46,0,0
BRDA:376,46,1,0
BRDA:386,47,0,0
BRDA:386,47,1,0
BRDA:408,48,0,0
BRDA:408,48,1,0
BRDA:416,49,0,0
BRDA:416,49,1,0
BRDA:416,50,0,0
BRDA:416,50,1,0
BRDA:444,51,0,0
BRDA:447,52,0,0
BRDA:447,52,1,0
BRDA:455,53,0,0
BRDA:455,53,1,0
BRDA:463,54,0,0
BRDA:463,54,1,0
BRDA:464,55,0,0
BRDA:464,55,1,0
BRDA:476,56,0,0
BRDA:476,56,1,0
BRDA:494,57,0,0
BRDA:500,58,0,0
BRDA:500,58,1,0
BRDA:500,59,0,0
BRDA:500,59,1,0
BRDA:507,60,0,0
BRDA:507,60,1,0
BRDA:539,61,0,0
BRDA:541,62,0,0
BRDA:542,63,0,0
BRDA:549,64,0,0
BRDA:549,64,1,0
BRDA:554,65,0,0
BRDA:554,65,1,0
BRDA:554,66,0,0
BRDA:554,66,1,0
BRDA:566,67,0,0
BRDA:566,67,1,0
BRDA:578,68,0,0
BRDA:578,68,1,0
BRDA:620,69,0,0
BRDA:620,69,1,0
BRDA:626,70,0,0
BRDA:626,70,1,0
BRDA:658,71,0,0
BRDA:658,71,1,0
BRDA:686,72,0,0
BRDA:692,73,0,0
BRDA:692,73,1,0
BRDA:692,74,0,0
BRDA:692,74,1,0
BRDA:753,75,0,0
BRDA:753,75,1,0
BRF:142
BRH:0
end_of_record
TN:
SF:controller\workflowMedicalRecordController.js
FN:26,(anonymous_0)
FN:92,(anonymous_1)
FN:132,(anonymous_2)
FN:164,(anonymous_3)
FNF:4
FNH:0
FNDA:0,(anonymous_0)
FNDA:0,(anonymous_1)
FNDA:0,(anonymous_2)
FNDA:0,(anonymous_3)
DA:26,0
DA:35,0
DA:38,0
DA:39,0
DA:42,0
DA:44,0
DA:62,0
DA:65,0
DA:71,0
DA:73,0
DA:84,0
DA:85,0
DA:92,0
DA:93,0
DA:94,0
DA:96,0
DA:97,0
DA:100,0
DA:101,0
DA:102,0
DA:103,0
DA:106,0
DA:114,0
DA:124,0
DA:125,0
DA:132,0
DA:133,0
DA:135,0
DA:136,0
DA:141,0
DA:142,0
DA:145,0
DA:156,0
DA:157,0
DA:164,0
DA:165,0
DA:166,0
DA:168,0
DA:174,0
DA:175,0
DA:180,0
DA:181,0
DA:182,0
DA:183,0
LF:44
LH:0
BRDA:34,0,0,0
BRDA:38,1,0,0
BRDA:38,1,1,0
BRDA:38,2,0,0
BRDA:38,2,1,0
BRDA:38,2,2,0
BRDA:50,3,0,0
BRDA:50,3,1,0
BRDA:53,4,0,0
BRDA:53,4,1,0
BRDA:55,5,0,0
BRDA:55,5,1,0
BRDA:85,6,0,0
BRDA:85,6,1,0
BRDA:96,7,0,0
BRDA:96,7,1,0
BRDA:96,8,0,0
BRDA:96,8,1,0
BRDA:102,9,0,0
BRDA:102,9,1,0
BRDA:111,10,0,0
BRDA:111,10,1,0
BRDA:125,11,0,0
BRDA:125,11,1,0
BRDA:141,12,0,0
BRDA:141,12,1,0
BRDA:157,13,0,0
BRDA:157,13,1,0
BRDA:175,14,0,0
BRDA:175,14,1,0
BRF:30
BRH:0
end_of_record
TN:
SF:middlewares\auth.js
FN:8,(anonymous_0)
FN:19,(anonymous_1)
FN:79,(anonymous_2)
FN:80,(anonymous_3)
FN:131,(anonymous_4)
FN:132,(anonymous_5)
FN:157,(anonymous_6)
FN:158,(anonymous_7)
FN:201,(anonymous_8)
FN:202,(anonymous_9)
FNF:10
FNH:3
FNDA:0,(anonymous_0)
FNDA:0,(anonymous_1)
FNDA:12,(anonymous_2)
FNDA:0,(anonymous_3)
FNDA:63,(anonymous_4)
FNDA:0,(anonymous_5)
FNDA:0,(anonymous_6)
FNDA:0,(anonymous_7)
FNDA:1,(anonymous_8)
FNDA:0,(anonymous_9)
DA:8,1
DA:9,0
DA:17,0
DA:19,0
DA:20,0
DA:26,0
DA:27,0
DA:29,0
DA:30,0
DA:36,0
DA:39,0
DA:40,0
DA:41,0
DA:45,0
DA:46,0
DA:52,0
DA:55,0
DA:56,0
DA:58,0
DA:59,0
DA:65,0
DA:68,0
DA:74,0
DA:75,0
DA:79,1
DA:80,12
DA:81,0
DA:83,0
DA:84,0
DA:85,0
DA:86,0
DA:92,0
DA:95,0
DA:96,0
DA:98,0
DA:107,0
DA:108,0
DA:110,0
DA:111,0
DA:123,0
DA:126,0
DA:131,1
DA:132,63
DA:133,0
DA:135,0
DA:137,0
DA:138,0
DA:142,0
DA:143,0
DA:150,0
DA:152,0
DA:157,1
DA:158,0
DA:159,0
DA:161,0
DA:162,0
DA:163,0
DA:164,0
DA:170,0
DA:174,0
DA:175,0
DA:179,0
DA:180,0
DA:182,0
DA:183,0
DA:185,0
DA:186,0
DA:192,0
DA:196,0
DA:201,1
DA:202,1
DA:203,0
DA:205,0
DA:206,0
DA:207,0
DA:210,0
DA:215,1
DA:216,1
DA:217,1
DA:218,1
DA:219,1
DA:220,1
LF:82
LH:14
BRDA:13,0,0,0
BRDA:13,0,1,0
BRDA:21,1,0,0
BRDA:21,1,1,0
BRDA:22,2,0,0
BRDA:22,2,1,0
BRDA:23,3,0,0
BRDA:23,3,1,0
BRDA:26,4,0,0
BRDA:26,4,1,0
BRDA:29,5,0,0
BRDA:29,5,1,0
BRDA:39,6,0,0
BRDA:39,6,1,0
BRDA:41,7,0,0
BRDA:41,7,1,0
BRDA:45,8,0,0
BRDA:45,8,1,0
BRDA:55,9,0,0
BRDA:55,9,1,0
BRDA:58,10,0,0
BRDA:58,10,1,0
BRDA:79,11,0,0
BRDA:83,12,0,0
BRDA:83,12,1,0
BRDA:85,13,0,0
BRDA:85,13,1,0
BRDA:107,14,0,0
BRDA:107,14,1,0
BRDA:110,15,0,0
BRDA:110,15,1,0
BRDA:137,16,0,0
BRDA:137,16,1,0
BRDA:137,17,0,0
BRDA:137,17,1,0
BRDA:138,18,0,0
BRDA:138,18,1,0
BRDA:142,19,0,0
BRDA:142,19,1,0
BRDA:143,20,0,0
BRDA:143,20,1,0
BRDA:146,21,0,0
BRDA:146,21,1,0
BRDA:150,22,0,0
BRDA:150,22,1,0
BRDA:157,23,0,0
BRDA:161,24,0,0
BRDA:161,24,1,0
BRDA:163,25,0,0
BRDA:163,25,1,0
BRDA:174,26,0,0
BRDA:174,26,1,0
BRDA:179,27,0,0
BRDA:179,27,1,0
BRDA:180,28,0,0
BRDA:180,28,1,0
BRDA:180,28,2,0
BRDA:182,29,0,0
BRDA:182,29,1,0
BRDA:182,30,0,0
BRDA:182,30,1,0
BRDA:185,31,0,0
BRDA:185,31,1,0
BRDA:201,32,0,0
BRDA:205,33,0,0
BRDA:205,33,1,0
BRDA:205,34,0,0
BRDA:205,34,1,0
BRF:68
BRH:0
end_of_record
TN:
SF:middlewares\auth.middleware.js
FN:6,(anonymous_0)
FN:36,(anonymous_1)
FN:37,(anonymous_2)
FNF:3
FNH:0
FNDA:0,(anonymous_0)
FNDA:0,(anonymous_1)
FNDA:0,(anonymous_2)
DA:6,0
DA:8,0
DA:11,0
DA:12,0
DA:13,0
DA:14,0
DA:15,0
DA:16,0
DA:18,0
DA:19,0
DA:26,0
DA:27,0
DA:36,0
DA:37,0
DA:38,0
DA:39,0
DA:45,0
LF:17
LH:0
BRDA:11,0,0,0
BRDA:11,0,1,0
BRDA:11,1,0,0
BRDA:11,1,1,0
BRDA:26,2,0,0
BRDA:26,2,1,0
BRDA:38,3,0,0
BRDA:38,3,1,0
BRDA:38,4,0,0
BRDA:38,4,1,0
BRDA:41,5,0,0
BRDA:41,5,1,0
BRF:12
BRH:0
end_of_record
TN:
SF:middlewares\catchAsyncErrors.js
FN:1,(anonymous_0)
FN:2,(anonymous_1)
FNF:2
FNH:1
FNDA:172,(anonymous_0)
FNDA:0,(anonymous_1)
DA:1,1
DA:2,172
DA:3,0
LF:3
LH:2
BRF:0
BRH:0
end_of_record
TN:
SF:middlewares\enhancedAuth.js
FN:23,(anonymous_0)
FN:33,(anonymous_1)
FN:87,(anonymous_2)
FN:88,(anonymous_3)
FN:148,(anonymous_4)
FN:214,(anonymous_5)
FN:218,(anonymous_6)
FN:221,(anonymous_7)
FN:232,(anonymous_8)
FN:235,(anonymous_9)
FN:246,(anonymous_10)
FN:249,(anonymous_11)
FN:267,(anonymous_12)
FN:280,(anonymous_13)
FN:305,(anonymous_14)
FN:322,(anonymous_15)
FNF:16
FNH:0
FNDA:0,(anonymous_0)
FNDA:0,(anonymous_1)
FNDA:0,(anonymous_2)
FNDA:0,(anonymous_3)
FNDA:0,(anonymous_4)
FNDA:0,(anonymous_5)
FNDA:0,(anonymous_6)
FNDA:0,(anonymous_7)
FNDA:0,(anonymous_8)
FNDA:0,(anonymous_9)
FNDA:0,(anonymous_10)
FNDA:0,(anonymous_11)
FNDA:0,(anonymous_12)
FNDA:0,(anonymous_13)
FNDA:0,(anonymous_14)
FNDA:0,(anonymous_15)
DA:23,0
DA:24,0
DA:31,0
DA:33,0
DA:34,0
DA:40,0
DA:41,0
DA:42,0
DA:45,0
DA:46,0
DA:47,0
DA:49,0
DA:50,0
DA:56,0
DA:60,0
DA:61,0
DA:62,0
DA:64,0
DA:65,0
DA:71,0
DA:74,0
DA:75,0
DA:76,0
DA:87,0
DA:88,0
DA:89,0
DA:90,0
DA:91,0
DA:93,0
DA:100,0
DA:101,0
DA:102,0
DA:104,0
DA:105,0
DA:106,0
DA:112,0
DA:116,0
DA:117,0
DA:118,0
DA:124,0
DA:125,0
DA:126,0
DA:137,0
DA:140,0
DA:141,0
DA:148,0
DA:149,0
DA:150,0
DA:151,0
DA:153,0
DA:159,0
DA:160,0
DA:161,0
DA:165,0
DA:166,0
DA:168,0
DA:174,0
DA:175,0
DA:176,0
DA:180,0
DA:182,0
DA:183,0
DA:184,0
DA:190,0
DA:191,0
DA:192,0
DA:203,0
DA:206,0
DA:207,0
DA:214,0
DA:216,0
DA:218,0
DA:219,0
DA:221,0
DA:222,0
DA:223,0
DA:224,0
DA:225,0
DA:227,0
DA:228,0
DA:232,0
DA:233,0
DA:235,0
DA:236,0
DA:237,0
DA:238,0
DA:239,0
DA:241,0
DA:242,0
DA:246,0
DA:247,0
DA:249,0
DA:250,0
DA:251,0
DA:252,0
DA:253,0
DA:255,0
DA:256,0
DA:267,0
DA:268,0
DA:269,0
DA:271,0
DA:272,0
DA:274,0
DA:280,0
DA:281,0
DA:282,0
DA:285,0
DA:286,0
DA:287,0
DA:291,0
DA:292,0
DA:295,0
DA:305,0
DA:306,0
DA:313,0
DA:314,0
DA:315,0
DA:316,0
DA:322,0
DA:323,0
DA:324,0
DA:325,0
DA:327,0
LF:124
LH:0
BRDA:35,0,0,0
BRDA:35,0,1,0
BRDA:36,1,0,0
BRDA:36,1,1,0
BRDA:37,2,0,0
BRDA:37,2,1,0
BRDA:40,3,0,0
BRDA:40,3,1,0
BRDA:45,4,0,0
BRDA:45,4,1,0
BRDA:47,5,0,0
BRDA:47,5,1,0
BRDA:49,6,0,0
BRDA:49,6,1,0
BRDA:60,7,0,0
BRDA:60,7,1,0
BRDA:64,8,0,0
BRDA:64,8,1,0
BRDA:87,9,0,0
BRDA:100,10,0,0
BRDA:100,10,1,0
BRDA:105,11,0,0
BRDA:105,11,1,0
BRDA:116,12,0,0
BRDA:116,12,1,0
BRDA:125,13,0,0
BRDA:125,13,1,0
BRDA:159,14,0,0
BRDA:159,14,1,0
BRDA:174,15,0,0
BRDA:174,15,1,0
BRDA:182,16,0,0
BRDA:182,16,1,0
BRDA:191,17,0,0
BRDA:191,17,1,0
BRDA:222,18,0,0
BRDA:222,18,1,0
BRDA:223,19,0,0
BRDA:223,19,1,0
BRDA:224,20,0,0
BRDA:224,20,1,0
BRDA:236,21,0,0
BRDA:236,21,1,0
BRDA:237,22,0,0
BRDA:237,22,1,0
BRDA:238,23,0,0
BRDA:238,23,1,0
BRDA:250,24,0,0
BRDA:250,24,1,0
BRDA:251,25,0,0
BRDA:251,25,1,0
BRDA:252,26,0,0
BRDA:252,26,1,0
BRDA:271,27,0,0
BRDA:271,27,1,0
BRDA:282,28,0,0
BRDA:282,28,1,0
BRDA:286,29,0,0
BRDA:286,29,1,0
BRDA:291,30,0,0
BRDA:291,30,1,0
BRDA:305,31,0,0
BRDA:308,32,0,0
BRDA:308,32,1,0
BRDA:324,33,0,0
BRDA:324,33,1,0
BRDA:324,34,0,0
BRDA:324,34,1,0
BRF:68
BRH:0
end_of_record
TN:
SF:middlewares\errorMiddleware.js
FN:2,(anonymous_0)
FN:8,(anonymous_1)
FN:30,(anonymous_2)
FNF:3
FNH:0
FNDA:0,(anonymous_0)
FNDA:0,(anonymous_1)
FNDA:0,(anonymous_2)
DA:3,0
DA:4,0
DA:8,1
DA:10,0
DA:11,0
DA:13,0
DA:14,0
DA:15,0
DA:17,0
DA:18,0
DA:19,0
DA:21,0
DA:22,0
DA:23,0
DA:25,0
DA:26,0
DA:27,0
DA:30,0
DA:32,0
LF:19
LH:1
BRDA:10,0,0,0
BRDA:10,0,1,0
BRDA:11,1,0,0
BRDA:11,1,1,0
BRDA:13,2,0,0
BRDA:13,2,1,0
BRDA:17,3,0,0
BRDA:17,3,1,0
BRDA:21,4,0,0
BRDA:21,4,1,0
BRDA:25,5,0,0
BRDA:25,5,1,0
BRDA:30,6,0,0
BRDA:30,6,1,0
BRF:14
BRH:0
end_of_record
TN:
SF:middlewares\oauth.middleware.js
FN:2,(anonymous_0)
FN:3,(anonymous_1)
FN:22,(anonymous_2)
FN:23,(anonymous_3)
FNF:4
FNH:0
FNDA:0,(anonymous_0)
FNDA:0,(anonymous_1)
FNDA:0,(anonymous_2)
FNDA:0,(anonymous_3)
DA:2,0
DA:3,0
DA:4,0
DA:6,0
DA:7,0
DA:10,0
DA:11,0
DA:12,0
DA:13,0
DA:14,0
DA:15,0
DA:18,0
DA:22,0
DA:23,0
DA:24,0
DA:29,0
LF:16
LH:0
BRDA:10,0,0,0
BRDA:10,0,1,0
BRDA:12,1,0,0
BRDA:12,1,1,0
BRDA:14,2,0,0
BRDA:14,2,1,0
BRF:6
BRH:0
end_of_record
TN:
SF:middlewares\rateLimitMiddleware.js
FN:16,(anonymous_0)
FN:20,(anonymous_1)
FN:33,(anonymous_2)
FN:36,(anonymous_3)
FNF:4
FNH:0
FNDA:0,(anonymous_0)
FNDA:0,(anonymous_1)
FNDA:0,(anonymous_2)
FNDA:0,(anonymous_3)
DA:5,0
DA:17,0
DA:22,0
DA:23,0
DA:25,0
DA:26,0
DA:28,0
DA:33,0
DA:34,0
DA:36,0
DA:38,0
DA:39,0
DA:42,0
DA:50,0
DA:53,0
LF:15
LH:0
BRDA:17,0,0,0
BRDA:17,0,1,0
BRDA:22,1,0,0
BRDA:22,1,1,0
BRDA:22,2,0,0
BRDA:22,2,1,0
BRDA:22,2,2,0
BRDA:25,3,0,0
BRDA:25,3,1,0
BRDA:25,4,0,0
BRDA:25,4,1,0
BRDA:25,4,2,0
BRDA:38,5,0,0
BRDA:38,5,1,0
BRDA:38,6,0,0
BRDA:38,6,1,0
BRDA:38,6,2,0
BRDA:44,7,0,0
BRDA:44,7,1,0
BRDA:46,8,0,0
BRDA:46,8,1,0
BRF:21
BRH:0
end_of_record
TN:
SF:middlewares\rbacRouter.js
FN:14,createRBACRouter
FN:29,(anonymous_1)
FN:36,(anonymous_2)
FN:48,(anonymous_3)
FN:49,(anonymous_4)
FN:64,checkEndpointAccess
FN:77,auditMiddleware
FN:78,(anonymous_7)
FN:82,(anonymous_8)
FN:103,securityHeaders
FN:104,(anonymous_10)
FNF:11
FNH:4
FNDA:1,createRBACRouter
FNDA:0,(anonymous_1)
FNDA:12,(anonymous_2)
FNDA:5,(anonymous_3)
FNDA:12,(anonymous_4)
FNDA:0,checkEndpointAccess
FNDA:0,auditMiddleware
FNDA:0,(anonymous_7)
FNDA:0,(anonymous_8)
FNDA:0,securityHeaders
FNDA:0,(anonymous_10)
DA:15,1
DA:20,1
DA:23,1
DA:24,1
DA:28,1
DA:29,1
DA:30,0
DA:31,0
DA:36,1
DA:38,12
DA:41,12
DA:44,12
DA:48,1
DA:49,5
DA:50,12
DA:54,1
DA:65,0
DA:66,0
DA:69,0
DA:78,0
DA:79,0
DA:80,0
DA:82,0
DA:83,0
DA:84,0
DA:92,0
DA:95,0
DA:104,0
DA:105,0
DA:106,0
DA:107,0
DA:108,0
LF:32
LH:14
BRDA:14,0,0,0
BRDA:17,1,0,0
BRDA:18,2,0,0
BRDA:19,3,0,0
BRDA:23,4,0,1
BRDA:23,4,1,0
BRDA:28,5,0,1
BRDA:28,5,1,0
BRDA:30,6,0,0
BRDA:30,6,1,0
BRDA:38,7,0,12
BRDA:38,7,1,0
BRDA:38,7,2,0
BRDA:65,8,0,0
BRDA:65,8,1,0
BRDA:65,9,0,0
BRDA:65,9,1,0
BRDA:85,10,0,0
BRDA:85,10,1,0
BRF:19
BRH:3
end_of_record
TN:
SF:middlewares\workflowGuard.js
FN:22,(anonymous_0)
FN:23,(anonymous_1)
FN:89,(anonymous_2)
FN:90,(anonymous_3)
FN:141,(anonymous_4)
FN:142,(anonymous_5)
FN:170,(anonymous_6)
FN:171,(anonymous_7)
FN:199,(anonymous_8)
FN:211,(anonymous_9)
FN:220,(anonymous_10)
FN:221,(anonymous_11)
FN:222,(anonymous_12)
FN:224,(anonymous_13)
FN:225,(anonymous_14)
FN:226,(anonymous_15)
FNF:16
FNH:0
FNDA:0,(anonymous_0)
FNDA:0,(anonymous_1)
FNDA:0,(anonymous_2)
FNDA:0,(anonymous_3)
FNDA:0,(anonymous_4)
FNDA:0,(anonymous_5)
FNDA:0,(anonymous_6)
FNDA:0,(anonymous_7)
FNDA:0,(anonymous_8)
FNDA:0,(anonymous_9)
FNDA:0,(anonymous_10)
FNDA:0,(anonymous_11)
FNDA:0,(anonymous_12)
FNDA:0,(anonymous_13)
FNDA:0,(anonymous_14)
FNDA:0,(anonymous_15)
DA:22,0
DA:23,0
DA:24,0
DA:25,0
DA:26,0
DA:27,0
DA:33,0
DA:34,0
DA:36,0
DA:37,0
DA:42,0
DA:43,0
DA:49,0
DA:51,0
DA:52,0
DA:53,0
DA:67,0
DA:68,0
DA:75,0
DA:77,0
DA:78,0
DA:89,0
DA:90,0
DA:91,0
DA:92,0
DA:94,0
DA:95,0
DA:101,0
DA:103,0
DA:104,0
DA:105,0
DA:119,0
DA:120,0
DA:127,0
DA:129,0
DA:130,0
DA:141,0
DA:142,0
DA:143,0
DA:144,0
DA:146,0
DA:147,0
DA:153,0
DA:155,0
DA:156,0
DA:158,0
DA:159,0
DA:170,0
DA:171,0
DA:172,0
DA:173,0
DA:174,0
DA:176,0
DA:177,0
DA:187,0
DA:189,0
DA:190,0
DA:199,0
DA:200,0
DA:211,0
DA:212,0
DA:220,0
DA:221,0
DA:222,0
DA:224,0
DA:225,0
DA:226,0
LF:67
LH:0
BRDA:22,0,0,0
BRDA:26,1,0,0
BRDA:26,1,1,0
BRDA:33,2,0,0
BRDA:33,2,1,0
BRDA:33,2,2,0
BRDA:34,3,0,0
BRDA:34,3,1,0
BRDA:34,3,2,0
BRDA:34,3,3,0
BRDA:36,4,0,0
BRDA:36,4,1,0
BRDA:42,5,0,0
BRDA:42,5,1,0
BRDA:51,6,0,0
BRDA:51,6,1,0
BRDA:94,7,0,0
BRDA:94,7,1,0
BRDA:94,8,0,0
BRDA:94,8,1,0
BRDA:94,8,2,0
BRDA:103,9,0,0
BRDA:103,9,1,0
BRDA:146,10,0,0
BRDA:146,10,1,0
BRDA:176,11,0,0
BRDA:176,11,1,0
BRDA:176,12,0,0
BRDA:176,12,1,0
BRDA:181,13,0,0
BRDA:181,13,1,0
BRDA:183,14,0,0
BRDA:183,14,1,0
BRDA:199,15,0,0
BRF:34
BRH:0
end_of_record
TN:
SF:middlewares\workflowMiddleware.js
FN:24,(anonymous_0)
FN:25,(anonymous_1)
FN:43,(anonymous_2)
FN:100,(anonymous_3)
FN:124,(anonymous_4)
FN:158,(anonymous_5)
FN:192,(anonymous_6)
FN:201,(anonymous_7)
FN:204,(anonymous_8)
FN:241,validateBusinessRules
FN:310,(anonymous_10)
FNF:11
FNH:0
FNDA:0,(anonymous_0)
FNDA:0,(anonymous_1)
FNDA:0,(anonymous_2)
FNDA:0,(anonymous_3)
FNDA:0,(anonymous_4)
FNDA:0,(anonymous_5)
FNDA:0,(anonymous_6)
FNDA:0,(anonymous_7)
FNDA:0,(anonymous_8)
FNDA:0,validateBusinessRules
FNDA:0,(anonymous_10)
DA:24,0
DA:25,0
DA:26,0
DA:27,0
DA:28,0
DA:30,0
DA:31,0
DA:34,0
DA:36,0
DA:37,0
DA:38,0
DA:42,0
DA:43,0
DA:46,0
DA:50,0
DA:51,0
DA:56,0
DA:60,0
DA:61,0
DA:65,0
DA:66,0
DA:67,0
DA:68,0
DA:69,0
DA:74,0
DA:75,0
DA:76,0
DA:77,0
DA:81,0
DA:87,0
DA:90,0
DA:91,0
DA:100,0
DA:101,0
DA:102,0
DA:104,0
DA:105,0
DA:108,0
DA:109,0
DA:112,0
DA:113,0
DA:114,0
DA:117,0
DA:118,0
DA:119,0
DA:123,0
DA:124,0
DA:125,0
DA:129,0
DA:130,0
DA:134,0
DA:135,0
DA:136,0
DA:139,0
DA:146,0
DA:149,0
DA:150,0
DA:158,0
DA:159,0
DA:160,0
DA:161,0
DA:163,0
DA:164,0
DA:166,0
DA:169,0
DA:180,0
DA:185,0
DA:192,0
DA:193,0
DA:195,0
DA:196,0
DA:199,0
DA:201,0
DA:203,0
DA:204,0
DA:205,0
DA:209,0
DA:210,0
DA:214,0
DA:217,0
DA:218,0
DA:226,0
DA:229,0
DA:230,0
DA:242,0
DA:243,0
DA:246,0
DA:247,0
DA:252,0
DA:256,0
DA:257,0
DA:262,0
DA:266,0
DA:267,0
DA:272,0
DA:276,0
DA:277,0
DA:282,0
DA:286,0
DA:287,0
DA:292,0
DA:295,0
DA:298,0
DA:299,0
DA:310,0
DA:311,0
DA:313,0
DA:314,0
DA:315,0
DA:316,0
DA:317,0
DA:326,0
DA:331,0
LF:113
LH:0
BRDA:24,0,0,0
BRDA:30,1,0,0
BRDA:30,1,1,0
BRDA:37,2,0,0
BRDA:37,2,1,0
BRDA:46,3,0,0
BRDA:46,3,1,0
BRDA:50,4,0,0
BRDA:50,4,1,0
BRDA:50,5,0,0
BRDA:50,5,1,0
BRDA:54,6,0,0
BRDA:54,6,1,0
BRDA:60,7,0,0
BRDA:60,7,1,0
BRDA:65,8,0,0
BRDA:65,8,1,0
BRDA:66,9,0,0
BRDA:66,9,1,0
BRDA:68,10,0,0
BRDA:68,10,1,0
BRDA:74,11,0,0
BRDA:74,11,1,0
BRDA:76,12,0,0
BRDA:76,12,1,0
BRDA:91,13,0,0
BRDA:91,13,1,0
BRDA:104,14,0,0
BRDA:104,14,1,0
BRDA:108,15,0,0
BRDA:108,15,1,0
BRDA:108,16,0,0
BRDA:108,16,1,0
BRDA:118,17,0,0
BRDA:118,17,1,0
BRDA:125,18,0,0
BRDA:125,18,1,0
BRDA:129,19,0,0
BRDA:129,19,1,0
BRDA:129,20,0,0
BRDA:129,20,1,0
BRDA:135,21,0,0
BRDA:135,21,1,0
BRDA:150,22,0,0
BRDA:150,22,1,0
BRDA:163,23,0,0
BRDA:163,23,1,0
BRDA:163,24,0,0
BRDA:163,24,1,0
BRDA:195,25,0,0
BRDA:195,25,1,0
BRDA:203,26,0,0
BRDA:203,26,1,0
BRDA:203,27,0,0
BRDA:203,27,1,0
BRDA:210,28,0,0
BRDA:210,28,1,0
BRDA:210,29,0,0
BRDA:210,29,1,0
BRDA:210,29,2,0
BRDA:217,30,0,0
BRDA:217,30,1,0
BRDA:243,31,0,0
BRDA:243,31,1,0
BRDA:243,31,2,0
BRDA:243,31,3,0
BRDA:243,31,4,0
BRDA:246,32,0,0
BRDA:246,32,1,0
BRDA:256,33,0,0
BRDA:256,33,1,0
BRDA:266,34,0,0
BRDA:266,34,1,0
BRDA:266,35,0,0
BRDA:266,35,1,0
BRDA:276,36,0,0
BRDA:276,36,1,0
BRDA:286,37,0,0
BRDA:286,37,1,0
BRDA:313,38,0,0
BRDA:313,38,1,0
BRDA:316,39,0,0
BRDA:316,39,1,0
BRF:83
BRH:0
end_of_record
TN:
SF:models\appointmentSchema.js
FNF:0
FNH:0
DA:4,1
DA:86,1
LF:2
LH:2
BRF:0
BRH:0
end_of_record
TN:
SF:models\cpoe.model.js
FN:234,(anonymous_0)
FN:235,(anonymous_1)
FN:241,(anonymous_2)
FN:242,(anonymous_3)
FN:248,(anonymous_4)
FN:257,(anonymous_5)
FN:273,(anonymous_6)
FN:279,(anonymous_7)
FN:280,(anonymous_8)
FN:282,(anonymous_9)
FN:284,(anonymous_10)
FN:292,(anonymous_11)
FN:302,(anonymous_12)
FNF:13
FNH:0
FNDA:0,(anonymous_0)
FNDA:0,(anonymous_1)
FNDA:0,(anonymous_2)
FNDA:0,(anonymous_3)
FNDA:0,(anonymous_4)
FNDA:0,(anonymous_5)
FNDA:0,(anonymous_6)
FNDA:0,(anonymous_7)
FNDA:0,(anonymous_8)
FNDA:0,(anonymous_9)
FNDA:0,(anonymous_10)
FNDA:0,(anonymous_11)
FNDA:0,(anonymous_12)
DA:5,1
DA:132,1
DA:226,1
DA:227,1
DA:228,1
DA:229,1
DA:230,1
DA:231,1
DA:234,1
DA:235,0
DA:236,0
DA:241,1
DA:242,0
DA:243,0
DA:245,0
DA:248,1
DA:249,0
DA:250,0
DA:251,0
DA:252,0
DA:254,0
DA:257,1
DA:258,0
DA:259,0
DA:260,0
DA:261,0
DA:262,0
DA:263,0
DA:264,0
DA:265,0
DA:266,0
DA:270,0
DA:273,1
DA:274,0
DA:275,0
DA:276,0
DA:279,0
DA:280,0
DA:281,0
DA:282,0
DA:283,0
DA:284,0
DA:285,0
DA:288,0
DA:292,1
DA:293,0
DA:302,1
DA:303,0
DA:311,1
LF:49
LH:16
BRDA:243,0,0,0
BRDA:243,0,1,0
BRDA:250,1,0,0
BRDA:250,1,1,0
BRDA:259,2,0,0
BRDA:259,2,1,0
BRDA:261,3,0,0
BRDA:261,3,1,0
BRDA:265,4,0,0
BRDA:265,4,1,0
BRDA:275,5,0,0
BRDA:275,5,1,0
BRDA:280,6,0,0
BRDA:280,6,1,0
BRDA:282,7,0,0
BRDA:282,7,1,0
BRDA:284,8,0,0
BRDA:284,8,1,0
BRF:18
BRH:0
end_of_record
TN:
SF:models\diagnosis.model.js
FN:115,(anonymous_0)
FN:120,(anonymous_1)
FNF:2
FNH:0
FNDA:0,(anonymous_0)
FNDA:0,(anonymous_1)
DA:3,1
DA:109,1
DA:110,1
DA:111,1
DA:112,1
DA:115,1
DA:116,0
DA:120,1
DA:121,0
DA:122,0
DA:123,0
DA:125,0
DA:126,0
DA:129,0
DA:132,1
LF:15
LH:8
BRDA:116,0,0,0
BRDA:116,0,1,0
BRDA:125,1,0,0
BRDA:125,1,1,0
BRDA:125,2,0,0
BRDA:125,2,1,0
BRF:6
BRH:0
end_of_record
TN:
SF:models\encounter.model.js
FNF:0
FNH:0
DA:3,1
DA:32,1
LF:2
LH:2
BRF:0
BRH:0
end_of_record
TN:
SF:models\enhancedMedicalRecord.model.js
FN:485,(anonymous_0)
FN:527,(anonymous_1)
FN:529,(anonymous_2)
FN:548,(anonymous_3)
FN:549,(anonymous_4)
FN:555,(anonymous_5)
FN:566,(anonymous_6)
FN:576,(anonymous_7)
FN:585,(anonymous_8)
FN:592,(anonymous_9)
FN:600,(anonymous_10)
FN:687,(anonymous_11)
FN:688,(anonymous_12)
FN:691,(anonymous_13)
FN:692,(anonymous_14)
FN:696,(anonymous_15)
FN:704,(anonymous_16)
FN:712,(anonymous_17)
FN:721,(anonymous_18)
FN:731,(anonymous_19)
FN:743,(anonymous_20)
FNF:21
FNH:0
FNDA:0,(anonymous_0)
FNDA:0,(anonymous_1)
FNDA:0,(anonymous_2)
FNDA:0,(anonymous_3)
FNDA:0,(anonymous_4)
FNDA:0,(anonymous_5)
FNDA:0,(anonymous_6)
FNDA:0,(anonymous_7)
FNDA:0,(anonymous_8)
FNDA:0,(anonymous_9)
FNDA:0,(anonymous_10)
FNDA:0,(anonymous_11)
FNDA:0,(anonymous_12)
FNDA:0,(anonymous_13)
FNDA:0,(anonymous_14)
FNDA:0,(anonymous_15)
FNDA:0,(anonymous_16)
FNDA:0,(anonymous_17)
FNDA:0,(anonymous_18)
FNDA:0,(anonymous_19)
FNDA:0,(anonymous_20)
DA:5,1
DA:51,1
DA:134,1
DA:201,1
DA:227,1
DA:485,1
DA:486,0
DA:489,0
DA:499,0
DA:502,0
DA:504,0
DA:505,0
DA:508,0
DA:509,0
DA:512,0
DA:513,0
DA:515,0
DA:516,0
DA:517,0
DA:519,0
DA:520,0
DA:523,0
DA:527,1
DA:529,0
DA:530,0
DA:533,0
DA:535,0
DA:537,0
DA:539,0
DA:541,0
DA:543,0
DA:548,1
DA:549,0
DA:550,0
DA:555,1
DA:556,0
DA:562,0
DA:566,1
DA:567,0
DA:568,0
DA:569,0
DA:570,0
DA:572,0
DA:576,1
DA:577,0
DA:578,0
DA:579,0
DA:581,0
DA:585,1
DA:586,0
DA:587,0
DA:588,0
DA:592,1
DA:593,0
DA:594,0
DA:596,0
DA:600,1
DA:601,0
DA:602,0
DA:605,0
DA:608,0
DA:610,0
DA:615,0
DA:618,0
DA:623,0
DA:624,0
DA:630,0
DA:633,0
DA:638,0
DA:641,0
DA:642,0
DA:648,0
DA:654,0
DA:657,0
DA:662,0
DA:665,0
DA:670,0
DA:675,1
DA:676,1
DA:677,1
DA:678,1
DA:681,1
DA:682,1
DA:683,1
DA:684,1
DA:687,1
DA:688,0
DA:691,1
DA:692,0
DA:696,1
DA:697,0
DA:698,0
DA:699,0
DA:700,0
DA:701,0
DA:704,1
DA:705,0
DA:706,0
DA:707,0
DA:708,0
DA:709,0
DA:712,1
DA:713,0
DA:714,0
DA:715,0
DA:716,0
DA:717,0
DA:718,0
DA:721,1
DA:722,0
DA:728,0
DA:731,1
DA:732,0
DA:738,0
DA:739,0
DA:743,1
DA:744,0
DA:745,0
DA:746,0
DA:748,0
DA:751,1
LF:121
LH:31
BRDA:485,0,0,0
BRDA:485,1,0,0
BRDA:502,2,0,0
BRDA:502,2,1,0
BRDA:502,2,2,0
BRDA:502,2,3,0
BRDA:502,2,4,0
BRDA:502,2,5,0
BRDA:502,2,6,0
BRDA:530,3,0,0
BRDA:530,3,1,0
BRDA:533,4,0,0
BRDA:533,4,1,0
BRDA:533,4,2,0
BRDA:533,4,3,0
BRDA:533,4,4,0
BRDA:568,5,0,0
BRDA:568,5,1,0
BRDA:576,6,0,0
BRDA:578,7,0,0
BRDA:578,7,1,0
BRDA:593,8,0,0
BRDA:593,8,1,0
BRDA:608,9,0,0
BRDA:608,9,1,0
BRDA:608,9,2,0
BRDA:608,9,3,0
BRDA:608,9,4,0
BRDA:608,9,5,0
BRDA:623,10,0,0
BRDA:623,10,1,0
BRDA:641,11,0,0
BRDA:641,11,1,0
BRDA:744,12,0,0
BRDA:744,12,1,0
BRDA:744,13,0,0
BRDA:744,13,1,0
BRF:37
BRH:0
end_of_record
TN:
SF:models\icd10.model.js
FN:97,(anonymous_0)
FN:102,(anonymous_1)
FN:110,(anonymous_2)
FN:131,(anonymous_3)
FN:138,(anonymous_4)
FNF:5
FNH:0
FNDA:0,(anonymous_0)
FNDA:0,(anonymous_1)
FNDA:0,(anonymous_2)
FNDA:0,(anonymous_3)
FNDA:0,(anonymous_4)
DA:4,1
DA:85,1
DA:93,1
DA:94,1
DA:97,1
DA:98,0
DA:99,0
DA:102,1
DA:103,0
DA:110,1
DA:111,0
DA:113,0
DA:131,1
DA:132,0
DA:138,1
DA:139,0
DA:144,1
LF:17
LH:10
BRDA:110,0,0,0
BRDA:131,1,0,0
BRF:2
BRH:0
end_of_record
TN:
SF:models\icd10Code.model.js
FN:47,(anonymous_0)
FN:68,(anonymous_1)
FNF:2
FNH:0
FNDA:0,(anonymous_0)
FNDA:0,(anonymous_1)
DA:1,0
DA:4,0
DA:40,0
DA:47,0
DA:48,0
DA:50,0
DA:68,0
DA:69,0
DA:70,0
DA:73,0
LF:10
LH:0
BRDA:47,0,0,0
BRF:1
BRH:0
end_of_record
TN:
SF:models\labOrder.model.js
FN:66,(anonymous_0)
FNF:1
FNH:0
FNDA:0,(anonymous_0)
DA:3,1
DA:66,1
DA:67,0
DA:68,0
DA:69,0
DA:71,0
DA:74,1
LF:7
LH:3
BRDA:67,0,0,0
BRDA:67,0,1,0
BRF:2
BRH:0
end_of_record
TN:
SF:models\labReport.model.js
FN:89,(anonymous_0)
FN:98,(anonymous_1)
FN:103,(anonymous_2)
FN:104,(anonymous_3)
FN:107,(anonymous_4)
FNF:5
FNH:0
FNDA:0,(anonymous_0)
FNDA:0,(anonymous_1)
FNDA:0,(anonymous_2)
FNDA:0,(anonymous_3)
FNDA:0,(anonymous_4)
DA:3,1
DA:89,1
DA:90,0
DA:91,0
DA:92,0
DA:94,0
DA:98,1
DA:99,0
DA:101,0
DA:102,0
DA:103,0
DA:104,0
DA:105,0
DA:107,0
DA:108,0
DA:112,0
DA:115,1
LF:17
LH:4
BRDA:90,0,0,0
BRDA:90,0,1,0
BRDA:90,1,0,0
BRDA:90,1,1,0
BRDA:101,2,0,0
BRDA:101,2,1,0
BRDA:101,3,0,0
BRDA:101,3,1,0
BRDA:105,4,0,0
BRDA:105,4,1,0
BRDA:105,4,2,0
BRDA:105,4,3,0
BRDA:108,5,0,0
BRDA:108,5,1,0
BRF:14
BRH:0
end_of_record
TN:
SF:models\labResult.model.js
FNF:0
FNH:0
DA:3,1
DA:58,1
LF:2
LH:2
BRF:0
BRH:0
end_of_record
TN:
SF:models\labTest.model.js
FNF:0
FNH:0
DA:3,1
DA:61,1
DA:62,1
DA:64,1
LF:4
LH:4
BRF:0
BRH:0
end_of_record
TN:
SF:models\medicalRecordSchema.js
FN:77,(anonymous_0)
FNF:1
FNH:0
FNDA:0,(anonymous_0)
DA:4,1
DA:34,1
DA:77,1
DA:79,0
DA:80,0
DA:81,0
DA:85,0
DA:96,0
DA:99,0
DA:100,0
DA:103,0
DA:104,0
DA:107,0
DA:109,0
DA:113,1
LF:15
LH:4
BRDA:80,0,0,0
BRDA:80,0,1,0
BRDA:99,1,0,0
BRDA:99,1,1,0
BRDA:103,2,0,0
BRDA:103,2,1,0
BRF:6
BRH:0
end_of_record
TN:
SF:models\messageSchema.js
FNF:0
FNH:0
DA:4,1
DA:36,1
LF:2
LH:2
BRF:0
BRH:0
end_of_record
TN:
SF:models\patientProfile.model.js
FNF:0
FNH:0
DA:4,0
DA:13,0
DA:19,0
DA:46,0
LF:4
LH:0
BRF:0
BRH:0
end_of_record
TN:
SF:models\prescriptionSchema.js
FN:47,(anonymous_0)
FNF:1
FNH:0
FNDA:0,(anonymous_0)
DA:4,1
DA:27,1
DA:47,0
DA:68,1
LF:4
LH:3
BRDA:47,0,0,0
BRDA:47,0,1,0
BRF:2
BRH:0
end_of_record
TN:
SF:models\serviceCatalog.model.js
FNF:0
FNH:0
DA:3,1
DA:44,1
DA:45,1
DA:47,1
LF:4
LH:4
BRF:0
BRH:0
end_of_record
TN:
SF:models\userScheme.js
FN:26,(anonymous_0)
FN:32,(anonymous_1)
FN:38,(anonymous_2)
FN:42,(anonymous_3)
FN:47,(anonymous_4)
FN:119,(anonymous_5)
FN:128,(anonymous_6)
FN:136,(anonymous_7)
FN:150,(anonymous_8)
FN:159,(anonymous_9)
FN:173,(anonymous_10)
FNF:11
FNH:0
FNDA:0,(anonymous_0)
FNDA:0,(anonymous_1)
FNDA:0,(anonymous_2)
FNDA:0,(anonymous_3)
FNDA:0,(anonymous_4)
FNDA:0,(anonymous_5)
FNDA:0,(anonymous_6)
FNDA:0,(anonymous_7)
FNDA:0,(anonymous_8)
FNDA:0,(anonymous_9)
FNDA:0,(anonymous_10)
DA:7,1
DA:26,0
DA:32,0
DA:38,0
DA:42,0
DA:47,0
DA:110,1
DA:119,1
DA:120,0
DA:121,0
DA:123,0
DA:124,0
DA:128,1
DA:129,0
DA:130,0
DA:132,0
DA:136,1
DA:137,0
DA:150,1
DA:151,0
DA:152,0
DA:153,0
DA:154,0
DA:155,0
DA:159,1
DA:160,0
DA:161,0
DA:164,0
DA:165,0
DA:168,0
DA:169,0
DA:173,1
DA:174,0
DA:175,0
DA:176,0
DA:179,1
LF:36
LH:9
BRDA:26,0,0,0
BRDA:26,0,1,0
BRDA:32,1,0,0
BRDA:32,1,1,0
BRDA:120,2,0,0
BRDA:120,2,1,0
BRDA:120,3,0,0
BRDA:120,3,1,0
BRDA:129,4,0,0
BRDA:129,4,1,0
BRDA:150,5,0,0
BRDA:160,6,0,0
BRDA:160,6,1,0
BRDA:160,7,0,0
BRDA:160,7,1,0
BRDA:164,8,0,0
BRDA:164,8,1,0
BRF:17
BRH:0
end_of_record
TN:
SF:models\vitalSigns.model.js
FN:29,(anonymous_0)
FN:40,(anonymous_1)
FN:58,(anonymous_2)
FN:74,(anonymous_3)
FN:101,(anonymous_4)
FN:119,(anonymous_5)
FN:137,(anonymous_6)
FN:156,(anonymous_7)
FN:175,(anonymous_8)
FN:208,(anonymous_9)
FN:322,(anonymous_10)
FN:330,(anonymous_11)
FN:369,(anonymous_12)
FN:484,(anonymous_13)
FN:496,(anonymous_14)
FN:522,(anonymous_15)
FNF:16
FNH:0
FNDA:0,(anonymous_0)
FNDA:0,(anonymous_1)
FNDA:0,(anonymous_2)
FNDA:0,(anonymous_3)
FNDA:0,(anonymous_4)
FNDA:0,(anonymous_5)
FNDA:0,(anonymous_6)
FNDA:0,(anonymous_7)
FNDA:0,(anonymous_8)
FNDA:0,(anonymous_9)
FNDA:0,(anonymous_10)
FNDA:0,(anonymous_11)
FNDA:0,(anonymous_12)
FNDA:0,(anonymous_13)
FNDA:0,(anonymous_14)
FNDA:0,(anonymous_15)
DA:3,1
DA:30,0
DA:41,0
DA:59,0
DA:75,0
DA:78,0
DA:79,0
DA:80,0
DA:83,0
DA:102,0
DA:120,0
DA:138,0
DA:157,0
DA:176,0
DA:209,0
DA:316,1
DA:317,1
DA:318,1
DA:319,1
DA:322,1
DA:323,0
DA:324,0
DA:326,0
DA:330,1
DA:331,0
DA:333,0
DA:334,0
DA:336,0
DA:337,0
DA:339,0
DA:341,0
DA:342,0
DA:346,0
DA:347,0
DA:348,0
DA:351,0
DA:352,0
DA:353,0
DA:354,0
DA:355,0
DA:356,0
DA:357,0
DA:358,0
DA:359,0
DA:360,0
DA:362,0
DA:365,0
DA:369,1
DA:370,0
DA:373,0
DA:374,0
DA:375,0
DA:377,0
DA:378,0
DA:385,0
DA:386,0
DA:393,0
DA:394,0
DA:405,0
DA:406,0
DA:407,0
DA:408,0
DA:415,0
DA:416,0
DA:427,0
DA:428,0
DA:429,0
DA:431,0
DA:432,0
DA:439,0
DA:440,0
DA:447,0
DA:448,0
DA:459,0
DA:460,0
DA:461,0
DA:462,0
DA:469,0
DA:470,0
DA:480,0
DA:484,1
DA:485,0
DA:486,0
DA:487,0
DA:488,0
DA:489,0
DA:490,0
DA:492,0
DA:496,1
DA:497,0
DA:498,0
DA:500,0
DA:518,0
DA:522,1
DA:523,0
DA:534,0
DA:535,0
DA:536,0
DA:537,0
DA:540,0
DA:543,1
LF:101
LH:12
BRDA:30,0,0,0
BRDA:30,0,1,0
BRDA:30,0,2,0
BRDA:41,1,0,0
BRDA:41,1,1,0
BRDA:41,1,2,0
BRDA:59,2,0,0
BRDA:59,2,1,0
BRDA:59,2,2,0
BRDA:75,3,0,0
BRDA:75,3,1,0
BRDA:78,4,0,0
BRDA:78,4,1,0
BRDA:78,5,0,0
BRDA:78,5,1,0
BRDA:80,6,0,0
BRDA:80,6,1,0
BRDA:83,7,0,0
BRDA:83,7,1,0
BRDA:102,8,0,0
BRDA:102,8,1,0
BRDA:102,8,2,0
BRDA:120,9,0,0
BRDA:120,9,1,0
BRDA:120,9,2,0
BRDA:138,10,0,0
BRDA:138,10,1,0
BRDA:138,10,2,0
BRDA:138,10,3,0
BRDA:157,11,0,0
BRDA:157,11,1,0
BRDA:157,11,2,0
BRDA:176,12,0,0
BRDA:176,12,1,0
BRDA:176,12,2,0
BRDA:209,13,0,0
BRDA:209,13,1,0
BRDA:209,13,2,0
BRDA:323,14,0,0
BRDA:323,14,1,0
BRDA:323,15,0,0
BRDA:323,15,1,0
BRDA:323,15,2,0
BRDA:331,16,0,0
BRDA:331,16,1,0
BRDA:331,17,0,0
BRDA:331,17,1,0
BRDA:336,18,0,0
BRDA:336,18,1,0
BRDA:341,19,0,0
BRDA:341,19,1,0
BRDA:347,20,0,0
BRDA:347,20,1,0
BRDA:351,21,0,0
BRDA:351,21,1,0
BRDA:353,22,0,0
BRDA:353,22,1,0
BRDA:355,23,0,0
BRDA:355,23,1,0
BRDA:357,24,0,0
BRDA:357,24,1,0
BRDA:359,25,0,0
BRDA:359,25,1,0
BRDA:370,26,0,0
BRDA:370,26,1,0
BRDA:373,27,0,0
BRDA:373,27,1,0
BRDA:373,28,0,0
BRDA:373,28,1,0
BRDA:377,29,0,0
BRDA:377,29,1,0
BRDA:377,30,0,0
BRDA:377,30,1,0
BRDA:385,31,0,0
BRDA:385,31,1,0
BRDA:385,32,0,0
BRDA:385,32,1,0
BRDA:393,33,0,0
BRDA:393,33,1,0
BRDA:393,34,0,0
BRDA:393,34,1,0
BRDA:405,35,0,0
BRDA:405,35,1,0
BRDA:407,36,0,0
BRDA:407,36,1,0
BRDA:413,37,0,0
BRDA:413,37,1,0
BRDA:415,38,0,0
BRDA:415,38,1,0
BRDA:421,39,0,0
BRDA:421,39,1,0
BRDA:427,40,0,0
BRDA:427,40,1,0
BRDA:429,41,0,0
BRDA:429,41,1,0
BRDA:431,42,0,0
BRDA:431,42,1,0
BRDA:439,43,0,0
BRDA:439,43,1,0
BRDA:447,44,0,0
BRDA:447,44,1,0
BRDA:459,45,0,0
BRDA:459,45,1,0
BRDA:461,46,0,0
BRDA:461,46,1,0
BRDA:469,47,0,0
BRDA:469,47,1,0
BRDA:486,48,0,0
BRDA:486,48,1,0
BRDA:496,49,0,0
BRDA:523,50,0,0
BRDA:523,50,1,0
BRDA:523,50,2,0
BRDA:523,50,3,0
BRDA:523,50,4,0
BRDA:523,50,5,0
BRDA:523,50,6,0
BRDA:523,50,7,0
BRDA:523,50,8,0
BRDA:523,50,9,0
BRDA:534,51,0,0
BRDA:534,51,1,0
BRF:122
BRH:0
end_of_record
TN:
SF:models\billing\insuranceClaim.model.js
FN:195,(anonymous_0)
FN:200,(anonymous_1)
FN:215,(anonymous_2)
FN:227,(anonymous_3)
FN:240,(anonymous_4)
FNF:5
FNH:0
FNDA:0,(anonymous_0)
FNDA:0,(anonymous_1)
FNDA:0,(anonymous_2)
FNDA:0,(anonymous_3)
FNDA:0,(anonymous_4)
DA:3,1
DA:195,1
DA:196,0
DA:200,1
DA:201,0
DA:207,1
DA:208,1
DA:209,1
DA:210,1
DA:211,1
DA:212,1
DA:215,1
DA:216,0
DA:217,0
DA:218,0
DA:221,0
DA:223,0
DA:227,1
DA:228,0
DA:235,0
DA:236,0
DA:237,0
DA:240,1
DA:241,0
DA:242,0
DA:244,0
DA:245,0
DA:248,1
LF:28
LH:13
BRDA:201,0,0,0
BRDA:201,0,1,0
BRDA:202,1,0,0
BRDA:202,1,1,0
BRDA:203,2,0,0
BRDA:203,2,1,0
BRDA:216,3,0,0
BRDA:216,3,1,0
BRDA:216,4,0,0
BRDA:216,4,1,0
BRDA:241,5,0,0
BRDA:241,5,1,0
BRF:12
BRH:0
end_of_record
TN:
SF:models\billing\insuranceProvider.model.js
FNF:0
FNH:0
DA:3,1
DA:42,1
LF:2
LH:2
BRF:0
BRH:0
end_of_record
TN:
SF:models\billing\invoice.model.js
FN:202,(anonymous_0)
FNF:1
FNH:0
FNDA:0,(anonymous_0)
DA:3,1
DA:59,1
DA:85,1
DA:202,1
DA:203,0
DA:204,0
DA:205,0
DA:206,0
DA:210,0
DA:213,0
DA:214,0
DA:215,0
DA:216,0
DA:217,0
DA:219,0
DA:222,0
DA:225,1
LF:17
LH:5
BRDA:203,0,0,0
BRDA:203,0,1,0
BRDA:213,1,0,0
BRDA:213,1,1,0
BRDA:214,2,0,0
BRDA:214,2,1,0
BRDA:215,3,0,0
BRDA:215,3,1,0
BRF:8
BRH:0
end_of_record
TN:
SF:models\billing\patientInsurance.model.js
FNF:0
FNH:0
DA:3,1
DA:55,1
DA:60,1
LF:3
LH:3
BRF:0
BRH:0
end_of_record
TN:
SF:router\appointmentRouter.js
FNF:0
FNH:0
DA:17,1
DA:20,1
DA:21,1
DA:22,1
DA:23,1
DA:24,1
DA:27,1
DA:28,1
DA:33,1
LF:9
LH:9
BRF:0
BRH:0
end_of_record
TN:
SF:router\billingRouter.js
FNF:0
FNH:0
DA:7,1
DA:14,1
DA:16,1
DA:18,1
DA:20,1
DA:22,1
DA:24,1
DA:27,1
DA:29,1
DA:32,1
DA:34,1
DA:36,1
DA:38,1
LF:13
LH:13
BRF:0
BRH:0
end_of_record
TN:
SF:router\cpoeRouter.js
FNF:0
FNH:0
DA:6,0
DA:9,0
DA:12,0
DA:18,0
DA:23,0
DA:28,0
DA:33,0
DA:39,0
DA:44,0
DA:50,0
DA:56,0
DA:61,0
LF:12
LH:0
BRF:0
BRH:0
end_of_record
TN:
SF:router\diagnosisRouter.js
FN:78,(anonymous_0)
FN:91,(anonymous_1)
FN:104,(anonymous_2)
FNF:3
FNH:0
FNDA:0,(anonymous_0)
FNDA:0,(anonymous_1)
FNDA:0,(anonymous_2)
DA:6,1
DA:13,1
DA:20,1
DA:30,1
DA:40,1
DA:47,1
DA:58,1
DA:65,1
DA:76,1
DA:79,0
DA:80,0
DA:81,0
DA:83,0
DA:89,1
DA:92,0
DA:93,0
DA:94,0
DA:96,0
DA:102,1
DA:105,0
DA:106,0
DA:107,0
DA:109,0
LF:23
LH:11
BRF:0
BRH:0
end_of_record
TN:
SF:router\encounterRouter.js
FNF:0
FNH:0
DA:6,1
DA:9,1
DA:17,1
DA:24,1
LF:4
LH:4
BRF:0
BRH:0
end_of_record
TN:
SF:router\enhancedMedicalRecordRouter.js
FN:8,(anonymous_0)
FN:62,(anonymous_1)
FN:99,(anonymous_2)
FN:158,(anonymous_3)
FN:209,(anonymous_4)
FN:259,(anonymous_5)
FN:266,(anonymous_6)
FN:266,(anonymous_7)
FN:273,(anonymous_8)
FN:273,(anonymous_9)
FN:288,(anonymous_10)
FN:322,(anonymous_11)
FN:385,(anonymous_12)
FN:430,(anonymous_13)
FN:477,(anonymous_14)
FN:491,(anonymous_15)
FN:534,(anonymous_16)
FN:562,(anonymous_17)
FN:648,(anonymous_18)
FN:663,(anonymous_19)
FN:695,(anonymous_20)
FNF:21
FNH:0
FNDA:0,(anonymous_0)
FNDA:0,(anonymous_1)
FNDA:0,(anonymous_2)
FNDA:0,(anonymous_3)
FNDA:0,(anonymous_4)
FNDA:0,(anonymous_5)
FNDA:0,(anonymous_6)
FNDA:0,(anonymous_7)
FNDA:0,(anonymous_8)
FNDA:0,(anonymous_9)
FNDA:0,(anonymous_10)
FNDA:0,(anonymous_11)
FNDA:0,(anonymous_12)
FNDA:0,(anonymous_13)
FNDA:0,(anonymous_14)
FNDA:0,(anonymous_15)
FNDA:0,(anonymous_16)
FNDA:0,(anonymous_17)
FNDA:0,(anonymous_18)
FNDA:0,(anonymous_19)
FNDA:0,(anonymous_20)
DA:5,1
DA:8,1
DA:9,0
DA:10,0
DA:11,0
DA:14,0
DA:15,0
DA:16,0
DA:17,0
DA:20,0
DA:21,0
DA:24,0
DA:31,0
DA:32,0
DA:37,0
DA:38,0
DA:39,0
DA:45,0
DA:50,0
DA:55,0
DA:62,0
DA:76,0
DA:88,0
DA:94,0
DA:99,1
DA:100,0
DA:101,0
DA:102,0
DA:104,0
DA:105,0
DA:106,0
DA:107,0
DA:110,0
DA:112,0
DA:113,0
DA:118,0
DA:119,0
DA:120,0
DA:126,0
DA:131,0
DA:136,0
DA:148,0
DA:153,0
DA:158,1
DA:159,0
DA:160,0
DA:170,0
DA:172,0
DA:175,0
DA:176,0
DA:177,0
DA:178,0
DA:182,0
DA:183,0
DA:184,0
DA:186,0
DA:187,0
DA:188,0
DA:189,0
DA:192,0
DA:193,0
DA:195,0
DA:197,0
DA:205,0
DA:206,0
DA:209,0
DA:259,0
DA:266,0
DA:273,0
DA:288,0
DA:303,0
DA:311,0
DA:317,0
DA:322,1
DA:323,0
DA:324,0
DA:325,0
DA:327,0
DA:328,0
DA:330,0
DA:333,0
DA:334,0
DA:337,0
DA:342,0
DA:343,0
DA:350,0
DA:375,0
DA:380,0
DA:385,1
DA:386,0
DA:387,0
DA:388,0
DA:390,0
DA:392,0
DA:394,0
DA:397,0
DA:398,0
DA:399,0
DA:400,0
DA:403,0
DA:409,0
DA:410,0
DA:411,0
DA:417,0
DA:419,0
DA:424,0
DA:425,0
DA:430,1
DA:431,0
DA:432,0
DA:433,0
DA:435,0
DA:437,0
DA:438,0
DA:439,0
DA:440,0
DA:443,0
DA:444,0
DA:446,0
DA:448,0
DA:455,0
DA:456,0
DA:458,0
DA:466,0
DA:472,0
DA:477,1
DA:478,0
DA:479,0
DA:480,0
DA:483,0
DA:485,0
DA:486,0
DA:491,1
DA:492,0
DA:493,0
DA:494,0
DA:495,0
DA:497,0
DA:499,0
DA:500,0
DA:501,0
DA:508,0
DA:509,0
DA:511,0
DA:512,0
DA:514,0
DA:515,0
DA:518,0
DA:519,0
DA:521,0
DA:523,0
DA:529,0
DA:534,1
DA:535,0
DA:536,0
DA:538,0
DA:540,0
DA:541,0
DA:542,0
DA:549,0
DA:550,0
DA:552,0
DA:557,0
DA:562,1
DA:563,0
DA:564,0
DA:575,0
DA:577,0
DA:580,0
DA:581,0
DA:582,0
DA:583,0
DA:587,0
DA:588,0
DA:595,0
DA:596,0
DA:599,0
DA:600,0
DA:603,0
DA:604,0
DA:607,0
DA:608,0
DA:609,0
DA:610,0
DA:613,0
DA:614,0
DA:616,0
DA:622,0
DA:623,0
DA:635,0
DA:636,0
DA:647,0
DA:648,0
DA:649,0
DA:652,0
DA:658,0
DA:663,1
DA:664,0
DA:665,0
DA:666,0
DA:667,0
DA:669,0
DA:671,0
DA:672,0
DA:673,0
DA:679,0
DA:684,0
DA:690,0
DA:695,1
DA:696,0
DA:697,0
DA:698,0
DA:700,0
DA:702,0
DA:703,0
DA:704,0
DA:710,0
DA:712,0
DA:718,0
LF:219
LH:13
BRDA:14,0,0,0
BRDA:14,0,1,0
BRDA:16,1,0,0
BRDA:16,1,1,0
BRDA:64,2,0,0
BRDA:64,2,1,0
BRDA:64,3,0,0
BRDA:64,3,1,0
BRDA:66,4,0,0
BRDA:66,4,1,0
BRDA:67,5,0,0
BRDA:67,5,1,0
BRDA:69,6,0,0
BRDA:69,6,1,0
BRDA:70,7,0,0
BRDA:70,7,1,0
BRDA:71,8,0,0
BRDA:71,8,1,0
BRDA:71,9,0,0
BRDA:71,9,1,0
BRDA:72,10,0,0
BRDA:72,10,1,0
BRDA:73,11,0,0
BRDA:73,11,1,0
BRDA:104,12,0,0
BRDA:104,12,1,0
BRDA:106,13,0,0
BRDA:106,13,1,0
BRDA:162,14,0,0
BRDA:163,15,0,0
BRDA:175,16,0,0
BRDA:175,16,1,0
BRDA:177,17,0,0
BRDA:177,17,1,0
BRDA:182,18,0,0
BRDA:182,18,1,0
BRDA:183,19,0,0
BRDA:183,19,1,0
BRDA:183,20,0,0
BRDA:183,20,1,0
BRDA:184,21,0,0
BRDA:184,21,1,0
BRDA:184,22,0,0
BRDA:184,22,1,0
BRDA:186,23,0,0
BRDA:186,23,1,0
BRDA:186,24,0,0
BRDA:186,24,1,0
BRDA:188,25,0,0
BRDA:188,25,1,0
BRDA:189,26,0,0
BRDA:189,26,1,0
BRDA:228,27,0,0
BRDA:228,27,1,0
BRDA:234,28,0,0
BRDA:234,28,1,0
BRDA:235,29,0,0
BRDA:235,29,1,0
BRDA:241,30,0,0
BRDA:241,30,1,0
BRDA:244,31,0,0
BRDA:244,31,1,0
BRDA:244,32,0,0
BRDA:244,32,1,0
BRDA:252,33,0,0
BRDA:252,33,1,0
BRDA:254,34,0,0
BRDA:254,34,1,0
BRDA:259,35,0,0
BRDA:259,35,1,0
BRDA:266,36,0,0
BRDA:266,36,1,0
BRDA:273,37,0,0
BRDA:273,37,1,0
BRDA:278,38,0,0
BRDA:278,38,1,0
BRDA:280,39,0,0
BRDA:280,39,1,0
BRDA:280,40,0,0
BRDA:280,40,1,0
BRDA:283,41,0,0
BRDA:283,41,1,0
BRDA:288,42,0,0
BRDA:288,42,1,0
BRDA:294,43,0,0
BRDA:294,43,1,0
BRDA:295,44,0,0
BRDA:295,44,1,0
BRDA:296,45,0,0
BRDA:296,45,1,0
BRDA:300,46,0,0
BRDA:300,46,1,0
BRDA:333,47,0,0
BRDA:333,47,1,0
BRDA:342,48,0,0
BRDA:342,48,1,0
BRDA:370,49,0,0
BRDA:370,49,1,0
BRDA:397,50,0,0
BRDA:397,50,1,0
BRDA:399,51,0,0
BRDA:399,51,1,0
BRDA:409,52,0,0
BRDA:409,52,1,0
BRDA:432,53,0,0
BRDA:432,54,0,0
BRDA:437,55,0,0
BRDA:437,55,1,0
BRDA:437,56,0,0
BRDA:437,56,1,0
BRDA:439,57,0,0
BRDA:439,57,1,0
BRDA:440,58,0,0
BRDA:440,58,1,0
BRDA:500,59,0,0
BRDA:500,59,1,0
BRDA:508,60,0,0
BRDA:508,60,1,0
BRDA:511,61,0,0
BRDA:511,61,1,0
BRDA:514,62,0,0
BRDA:514,62,1,0
BRDA:541,63,0,0
BRDA:541,63,1,0
BRDA:580,64,0,0
BRDA:580,64,1,0
BRDA:582,65,0,0
BRDA:582,65,1,0
BRDA:587,66,0,0
BRDA:587,66,1,0
BRDA:595,67,0,0
BRDA:595,67,1,0
BRDA:599,68,0,0
BRDA:599,68,1,0
BRDA:603,69,0,0
BRDA:603,69,1,0
BRDA:607,70,0,0
BRDA:607,70,1,0
BRDA:607,71,0,0
BRDA:607,71,1,0
BRDA:609,72,0,0
BRDA:609,72,1,0
BRDA:610,73,0,0
BRDA:610,73,1,0
BRDA:622,74,0,0
BRDA:622,74,1,0
BRDA:635,75,0,0
BRDA:635,75,1,0
BRDA:649,76,0,0
BRDA:649,76,1,0
BRDA:672,77,0,0
BRDA:672,77,1,0
BRDA:703,78,0,0
BRDA:703,78,1,0
BRF:154
BRH:0
end_of_record
TN:
SF:router\fixedMedicalRecordsRouter.js
FN:7,(anonymous_0)
FN:75,(anonymous_1)
FN:102,(anonymous_2)
FN:139,(anonymous_3)
FN:196,(anonymous_4)
FN:223,(anonymous_5)
FN:260,(anonymous_6)
FN:302,(anonymous_7)
FN:362,(anonymous_8)
FN:415,(anonymous_9)
FN:457,(anonymous_10)
FNF:11
FNH:0
FNDA:0,(anonymous_0)
FNDA:0,(anonymous_1)
FNDA:0,(anonymous_2)
FNDA:0,(anonymous_3)
FNDA:0,(anonymous_4)
FNDA:0,(anonymous_5)
FNDA:0,(anonymous_6)
FNDA:0,(anonymous_7)
FNDA:0,(anonymous_8)
FNDA:0,(anonymous_9)
FNDA:0,(anonymous_10)
DA:4,1
DA:7,1
DA:8,0
DA:9,0
DA:11,0
DA:22,0
DA:24,0
DA:27,0
DA:28,0
DA:29,0
DA:30,0
DA:34,0
DA:35,0
DA:36,0
DA:38,0
DA:39,0
DA:40,0
DA:41,0
DA:45,0
DA:46,0
DA:54,0
DA:55,0
DA:56,0
DA:57,0
DA:59,0
DA:61,0
DA:62,0
DA:69,0
DA:71,0
DA:72,0
DA:75,0
DA:102,0
DA:116,0
DA:124,0
DA:126,0
DA:132,0
DA:133,0
DA:134,0
DA:139,1
DA:140,0
DA:141,0
DA:143,0
DA:153,0
DA:155,0
DA:158,0
DA:159,0
DA:160,0
DA:161,0
DA:165,0
DA:166,0
DA:167,0
DA:169,0
DA:170,0
DA:171,0
DA:172,0
DA:175,0
DA:176,0
DA:177,0
DA:178,0
DA:180,0
DA:182,0
DA:183,0
DA:190,0
DA:192,0
DA:193,0
DA:196,0
DA:223,0
DA:237,0
DA:245,0
DA:247,0
DA:253,0
DA:254,0
DA:255,0
DA:260,1
DA:261,0
DA:262,0
DA:263,0
DA:265,0
DA:266,0
DA:267,0
DA:268,0
DA:271,0
DA:273,0
DA:274,0
DA:279,0
DA:291,0
DA:296,0
DA:297,0
DA:302,1
DA:303,0
DA:304,0
DA:306,0
DA:307,0
DA:310,0
DA:311,0
DA:312,0
DA:313,0
DA:316,0
DA:317,0
DA:318,0
DA:319,0
DA:322,0
DA:328,0
DA:331,0
DA:332,0
DA:337,0
DA:338,0
DA:339,0
DA:345,0
DA:350,0
DA:355,0
DA:362,0
DA:364,0
DA:365,0
DA:366,0
DA:369,0
DA:370,0
DA:373,0
DA:388,0
DA:400,0
DA:402,0
DA:408,0
DA:409,0
DA:410,0
DA:415,1
DA:416,0
DA:417,0
DA:419,0
DA:420,0
DA:422,0
DA:425,0
DA:426,0
DA:427,0
DA:428,0
DA:431,0
DA:432,0
DA:433,0
DA:434,0
DA:437,0
DA:438,0
DA:439,0
DA:441,0
DA:443,0
DA:444,0
DA:451,0
DA:453,0
DA:454,0
DA:457,0
DA:486,0
DA:494,0
DA:496,0
DA:502,0
DA:503,0
DA:504,0
LF:154
LH:6
BRDA:13,0,0,0
BRDA:14,1,0,0
BRDA:27,2,0,0
BRDA:27,2,1,0
BRDA:29,3,0,0
BRDA:29,3,1,0
BRDA:34,4,0,0
BRDA:34,4,1,0
BRDA:35,5,0,0
BRDA:35,5,1,0
BRDA:35,6,0,0
BRDA:35,6,1,0
BRDA:36,7,0,0
BRDA:36,7,1,0
BRDA:36,8,0,0
BRDA:36,8,1,0
BRDA:38,9,0,0
BRDA:38,9,1,0
BRDA:38,10,0,0
BRDA:38,10,1,0
BRDA:40,11,0,0
BRDA:40,11,1,0
BRDA:41,12,0,0
BRDA:41,12,1,0
BRDA:45,13,0,0
BRDA:45,13,1,0
BRDA:94,14,0,0
BRDA:94,14,1,0
BRDA:95,15,0,0
BRDA:95,15,1,0
BRDA:97,16,0,0
BRDA:97,16,1,0
BRDA:102,17,0,0
BRDA:102,17,1,0
BRDA:108,18,0,0
BRDA:108,18,1,0
BRDA:109,19,0,0
BRDA:109,19,1,0
BRDA:110,20,0,0
BRDA:110,20,1,0
BRDA:113,21,0,0
BRDA:113,21,1,0
BRDA:145,22,0,0
BRDA:146,23,0,0
BRDA:158,24,0,0
BRDA:158,24,1,0
BRDA:160,25,0,0
BRDA:160,25,1,0
BRDA:165,26,0,0
BRDA:165,26,1,0
BRDA:166,27,0,0
BRDA:166,27,1,0
BRDA:166,28,0,0
BRDA:166,28,1,0
BRDA:167,29,0,0
BRDA:167,29,1,0
BRDA:167,30,0,0
BRDA:167,30,1,0
BRDA:169,31,0,0
BRDA:169,31,1,0
BRDA:169,32,0,0
BRDA:169,32,1,0
BRDA:171,33,0,0
BRDA:171,33,1,0
BRDA:172,34,0,0
BRDA:172,34,1,0
BRDA:215,35,0,0
BRDA:215,35,1,0
BRDA:216,36,0,0
BRDA:216,36,1,0
BRDA:218,37,0,0
BRDA:218,37,1,0
BRDA:223,38,0,0
BRDA:223,38,1,0
BRDA:229,39,0,0
BRDA:229,39,1,0
BRDA:230,40,0,0
BRDA:230,40,1,0
BRDA:231,41,0,0
BRDA:231,41,1,0
BRDA:234,42,0,0
BRDA:234,42,1,0
BRDA:265,43,0,0
BRDA:265,43,1,0
BRDA:267,44,0,0
BRDA:267,44,1,0
BRDA:310,45,0,0
BRDA:310,45,1,0
BRDA:312,46,0,0
BRDA:312,46,1,0
BRDA:364,47,0,0
BRDA:364,47,1,0
BRDA:365,48,0,0
BRDA:365,48,1,0
BRDA:369,49,0,0
BRDA:369,49,1,0
BRDA:370,50,0,0
BRDA:370,50,1,0
BRDA:376,51,0,0
BRDA:376,51,1,0
BRDA:377,52,0,0
BRDA:377,52,1,0
BRDA:378,53,0,0
BRDA:378,53,1,0
BRDA:380,54,0,0
BRDA:380,54,1,0
BRDA:381,55,0,0
BRDA:381,55,1,0
BRDA:382,56,0,0
BRDA:382,56,1,0
BRDA:382,57,0,0
BRDA:382,57,1,0
BRDA:382,58,0,0
BRDA:382,58,1,0
BRDA:383,59,0,0
BRDA:383,59,1,0
BRDA:384,60,0,0
BRDA:384,60,1,0
BRDA:420,61,0,0
BRDA:420,62,0,0
BRDA:425,63,0,0
BRDA:425,63,1,0
BRDA:427,64,0,0
BRDA:427,64,1,0
BRDA:431,65,0,0
BRDA:431,65,1,0
BRDA:431,66,0,0
BRDA:431,66,1,0
BRDA:433,67,0,0
BRDA:433,67,1,0
BRDA:434,68,0,0
BRDA:434,68,1,0
BRDA:470,69,0,0
BRDA:470,69,1,0
BRDA:471,70,0,0
BRDA:471,70,1,0
BRDA:473,71,0,0
BRDA:473,71,1,0
BRDA:479,72,0,0
BRDA:479,72,1,0
BRDA:480,73,0,0
BRDA:480,73,1,0
BRDA:481,74,0,0
BRDA:481,74,1,0
BRF:144
BRH:0
end_of_record
TN:
SF:router\icd10Router.js
FNF:0
FNH:0
DA:6,1
DA:9,1
DA:15,1
DA:21,1
DA:27,1
DA:33,1
DA:36,1
DA:42,1
DA:48,1
DA:53,1
LF:10
LH:10
BRF:0
BRH:0
end_of_record
TN:
SF:router\insuranceRouter.js
FNF:0
FNH:0
DA:14,1
DA:17,1
DA:22,1
DA:28,1
DA:34,1
DA:40,1
DA:46,1
DA:52,1
DA:58,1
DA:64,1
LF:10
LH:10
BRF:0
BRH:0
end_of_record
TN:
SF:router\labRouter.js
FNF:0
FNH:0
DA:5,1
DA:8,1
DA:11,1
DA:18,1
DA:25,1
DA:32,1
DA:39,1
DA:46,1
DA:52,1
DA:59,1
DA:65,1
DA:72,1
LF:12
LH:12
BRF:0
BRH:0
end_of_record
TN:
SF:router\labRouterV1.js
FNF:0
FNH:0
DA:5,1
DA:8,1
DA:11,1
DA:18,1
DA:25,1
DA:32,1
DA:39,1
DA:46,1
DA:52,1
LF:9
LH:9
BRF:0
BRH:0
end_of_record
TN:
SF:router\labTestRouter.js
FNF:0
FNH:0
DA:4,0
DA:7,0
LF:2
LH:0
BRF:0
BRH:0
end_of_record
TN:
SF:router\medicalRecordRouter.js
FNF:0
FNH:0
DA:19,1
DA:22,1
DA:23,1
DA:24,1
DA:27,1
DA:28,1
DA:29,1
DA:30,1
DA:31,1
DA:34,1
DA:35,1
DA:36,1
DA:40,1
LF:13
LH:13
BRF:0
BRH:0
end_of_record
TN:
SF:router\messageRouter.js
FNF:0
FNH:0
DA:5,1
DA:8,1
DA:9,1
LF:3
LH:3
BRF:0
BRH:0
end_of_record
TN:
SF:router\patientProfile.routes.js
FNF:0
FNH:0
DA:11,0
DA:15,0
DA:19,0
LF:3
LH:0
BRF:0
BRH:0
end_of_record
TN:
SF:router\prescriptionRouter.js
FNF:0
FNH:0
DA:11,1
DA:16,1
DA:19,1
DA:22,1
DA:25,1
DA:28,1
LF:6
LH:6
BRF:0
BRH:0
end_of_record
TN:
SF:router\receptionRouter.js
FNF:0
FNH:0
DA:7,1
DA:10,1
LF:2
LH:2
BRF:0
BRH:0
end_of_record
TN:
SF:router\serviceCatalogRouter.js
FNF:0
FNH:0
DA:7,1
DA:10,1
DA:11,1
DA:14,1
DA:21,1
LF:5
LH:5
BRF:0
BRH:0
end_of_record
TN:
SF:router\testMedicalRecordRouter.js
FN:7,(anonymous_0)
FNF:1
FNH:0
FNDA:0,(anonymous_0)
DA:4,0
DA:7,0
DA:8,0
DA:9,0
DA:20,0
DA:22,0
DA:24,0
DA:27,0
DA:28,0
DA:29,0
DA:31,0
DA:32,0
DA:33,0
DA:34,0
DA:37,0
DA:39,0
DA:40,0
DA:42,0
DA:44,0
DA:46,0
DA:47,0
DA:54,0
DA:56,0
DA:57,0
DA:59,0
DA:67,0
DA:75,0
DA:76,0
DA:77,0
LF:29
LH:0
BRDA:12,0,0,0
BRDA:13,1,0,0
BRDA:27,2,0,0
BRDA:27,2,1,0
BRDA:28,3,0,0
BRDA:28,3,1,0
BRDA:29,4,0,0
BRDA:29,4,1,0
BRDA:31,5,0,0
BRDA:31,5,1,0
BRDA:31,6,0,0
BRDA:31,6,1,0
BRDA:33,7,0,0
BRDA:33,7,1,0
BRDA:34,8,0,0
BRDA:34,8,1,0
BRF:16
BRH:0
end_of_record
TN:
SF:router\testMedicalRecordsRouter.js
FN:8,(anonymous_0)
FN:39,(anonymous_1)
FNF:2
FNH:0
FNDA:0,(anonymous_0)
FNDA:0,(anonymous_1)
DA:3,0
DA:5,0
DA:8,0
DA:9,0
DA:10,0
DA:13,0
DA:14,0
DA:17,0
DA:21,0
DA:29,0
DA:30,0
DA:39,0
DA:40,0
DA:41,0
DA:43,0
DA:44,0
DA:47,0
DA:48,0
DA:50,0
DA:53,0
DA:60,0
DA:62,0
DA:64,0
DA:77,0
DA:78,0
LF:25
LH:0
BRDA:43,0,0,0
BRDA:43,1,0,0
BRF:2
BRH:0
end_of_record
TN:
SF:router\userRouter.js
FN:32,(anonymous_0)
FN:40,(anonymous_1)
FN:77,(anonymous_2)
FN:103,(anonymous_3)
FN:119,(anonymous_4)
FN:191,(anonymous_5)
FN:215,(anonymous_6)
FNF:7
FNH:0
FNDA:0,(anonymous_0)
FNDA:0,(anonymous_1)
FNDA:0,(anonymous_2)
FNDA:0,(anonymous_3)
FNDA:0,(anonymous_4)
FNDA:0,(anonymous_5)
FNDA:0,(anonymous_6)
DA:29,1
DA:32,1
DA:33,0
DA:40,1
DA:41,0
DA:42,0
DA:48,0
DA:52,1
DA:53,1
DA:54,1
DA:55,1
DA:58,1
DA:59,1
DA:62,1
DA:63,1
DA:67,1
DA:70,1
DA:77,1
DA:78,0
DA:80,0
DA:81,0
DA:88,0
DA:91,0
DA:93,0
DA:103,1
DA:104,0
DA:107,1
DA:114,1
DA:120,0
DA:128,0
DA:129,0
DA:132,0
DA:134,0
DA:137,0
DA:140,0
DA:142,0
DA:143,0
DA:179,1
DA:186,1
DA:192,0
DA:193,0
DA:196,0
DA:197,0
DA:198,0
DA:199,0
DA:201,0
DA:202,0
DA:208,1
DA:215,1
DA:216,0
LF:50
LH:21
BRDA:36,0,0,0
BRDA:36,0,1,0
BRDA:43,1,0,0
BRDA:43,1,1,0
BRDA:46,2,0,0
BRDA:46,2,1,0
BRDA:80,3,0,0
BRDA:80,3,1,0
BRDA:80,4,0,0
BRDA:80,4,1,0
BRDA:121,5,0,0
BRDA:121,5,1,0
BRDA:128,6,0,0
BRDA:128,6,1,0
BRDA:192,7,0,0
BRDA:192,7,1,0
BRF:16
BRH:0
end_of_record
TN:
SF:router\vitalSigns.routes.js
FNF:0
FNH:0
DA:16,1
DA:19,1
DA:26,1
DA:32,1
DA:38,1
DA:45,1
DA:51,1
DA:58,1
DA:64,1
DA:70,1
DA:76,1
LF:11
LH:11
BRF:0
BRH:0
end_of_record
TN:
SF:router\workflowRouter.js
FN:7,(anonymous_0)
FN:8,(anonymous_1)
FN:9,(anonymous_2)
FN:13,(anonymous_3)
FN:17,(anonymous_4)
FN:21,(anonymous_5)
FNF:6
FNH:0
FNDA:0,(anonymous_0)
FNDA:0,(anonymous_1)
FNDA:0,(anonymous_2)
FNDA:0,(anonymous_3)
FNDA:0,(anonymous_4)
FNDA:0,(anonymous_5)
DA:3,0
DA:6,0
DA:7,0
DA:8,0
DA:9,0
DA:13,0
DA:14,0
DA:17,0
DA:18,0
DA:21,0
DA:22,0
LF:11
LH:0
BRF:0
BRH:0
end_of_record
